Reading 1a1m_MHC_groove ... OK
Reading 1a1n_MHC_groove ... OK
Reading 1a1o_MHC_groove ... OK
Reading 1a6z_MHC_groove ... OK
Reading 1a9b_MHC_groove ... OK
Reading 1a9e_MHC_groove ... OK
Reading 1agb_MHC_groove ... OK
Reading 1agc_MHC_groove ... OK
Reading 1agd_MHC_groove ... OK
Reading 1age_MHC_groove ... OK
Reading 1agf_MHC_groove ... OK
Reading 1akj_MHC_groove ... OK
Reading 1ao7_MHC_groove ... OK
Reading 1b0g_MHC_groove ... OK
Reading 1b0r_MHC_groove ... OK
Reading 1b3j_MHC_groove ... OK
Reading 1bd2_MHC_groove ... OK
Reading 1bii_MHC_groove ... SKIPPED (not in helix CSV)
Reading 1bqh_MHC_groove ... SKIPPED (not in helix CSV)
Reading 1bz9_MHC_groove ... SKIPPED (not in helix CSV)
Reading 1c16_MHC_groove ... SKIPPED (not in helix CSV)
Reading 1cd1_MHC_groove ... SKIPPED (not in helix CSV)
Reading 1ce6_MHC_groove ... SKIPPED (not in helix CSV)
Reading 1cg9_MHC_groove ... OK
Reading 1ddh_MHC_groove ... SKIPPED (not in helix CSV)
Reading 1de4_MHC_groove ... OK
Reading 1duy_MHC_groove ... OK
Reading 1duz_MHC_groove ... OK
Reading 1e27_MHC_groove ... OK
Reading 1e28_MHC_groove ... OK
Reading 1ed3_MHC_groove ... SKIPPED (not in helix CSV)
Reading 1eey_MHC_groove ... OK
Reading 1eez_MHC_groove ... OK
Reading 1efx_MHC_groove ... OK
Reading 1exu_MHC_groove ... OK
Reading 1ffn_MHC_groove ... SKIPPED (not in helix CSV)
Reading 1ffo_MHC_groove ... SKIPPED (not in helix CSV)
Reading 1ffp_MHC_groove ... SKIPPED (not in helix CSV)
Reading 1fg2_MHC_groove ... SKIPPED (not in helix CSV)
Reading 1fo0_MHC_groove ... SKIPPED (not in helix CSV)
Reading 1frt_MHC_groove ... SKIPPED (not in helix CSV)
Reading 1fzj_MHC_groove ... SKIPPED (not in helix CSV)
Reading 1fzk_MHC_groove ... SKIPPED (not in helix CSV)
Reading 1fzm_MHC_groove ... SKIPPED (not in helix CSV)
Reading 1fzo_MHC_groove ... SKIPPED (not in helix CSV)
Reading 1g6r_MHC_groove ... SKIPPED (not in helix CSV)
Reading 1g7p_MHC_groove ... SKIPPED (not in helix CSV)
Reading 1g7q_MHC_groove ... SKIPPED (not in helix CSV)
Reading 1gzp_MHC_groove ... OK
Reading 1gzq_MHC_groove ... OK
Reading 1hhg_MHC_groove ... OK
Reading 1hhh_MHC_groove ... OK
Reading 1hhi_MHC_groove ... OK
Reading 1hhj_MHC_groove ... OK
Reading 1hhk_MHC_groove ... OK
Reading 1hoc_MHC_groove ... SKIPPED (not in helix CSV)
Reading 1hsa_MHC_groove ... OK
Reading 1hsb_MHC_groove ... OK
Reading 1hyr_MHC_groove ... OK
Reading 1i1a_MHC_groove ... SKIPPED (not in helix CSV)
Reading 1i1f_MHC_groove ... OK
Reading 1i1y_MHC_groove ... OK
Reading 1i4f_MHC_groove ... OK
Reading 1i7r_MHC_groove ... OK
Reading 1i7t_MHC_groove ... OK
Reading 1i7u_MHC_groove ... OK
Reading 1im3_MHC_groove ... OK
Reading 1im9_MHC_groove ... OK
Reading 1inq_MHC_groove ... SKIPPED (not in helix CSV)
Reading 1je6_MHC_groove ... OK
Reading 1jf1_MHC_groove ... OK
Reading 1jfm_MHC_groove ... SKIPPED (not in helix CSV)
Reading 1jgd_MHC_groove ... OK
Reading 1jge_MHC_groove ... OK
Reading 1jht_MHC_groove ... OK
Reading 1jpf_MHC_groove ... SKIPPED (not in helix CSV)
Reading 1jpg_MHC_groove ... SKIPPED (not in helix CSV)
Reading 1juf_MHC_groove ... SKIPPED (not in helix CSV)
Reading 1k5n_MHC_groove ... OK
Reading 1k8d_MHC_groove ... SKIPPED (not in helix CSV)
Reading 1kbg_MHC_groove ... SKIPPED (not in helix CSV)
Reading 1kcg_MHC_groove ... SKIPPED (not in helix CSV)
Reading 1kj2_MHC_groove ... SKIPPED (not in helix CSV)
Reading 1kj3_MHC_groove ... SKIPPED (not in helix CSV)
Reading 1kjm_MHC_groove ... SKIPPED (not in helix CSV)
Reading 1kjv_MHC_groove ... SKIPPED (not in helix CSV)
Reading 1kpr_MHC_groove ... OK
Reading 1kpu_MHC_groove ... SKIPPED (not in helix CSV)
Reading 1kpv_MHC_groove ... SKIPPED (not in helix CSV)
Reading 1ktl_MHC_groove ... OK
Reading 1l8j_MHC_groove ... OK
Reading 1ld9_MHC_groove ... SKIPPED (not in helix CSV)
Reading 1ldp_MHC_groove ... SKIPPED (not in helix CSV)
Reading 1leg_MHC_groove ... SKIPPED (not in helix CSV)
Reading 1lek_MHC_groove ... SKIPPED (not in helix CSV)
Reading 1lk2_MHC_groove ... SKIPPED (not in helix CSV)
Reading 1lp9_MHC_groove ... OK
Reading 1lqv_MHC_groove ... OK
Reading 1m05_MHC_groove ... OK
Reading 1m6o_MHC_groove ... OK
Reading 1mhc_MHC_groove ... SKIPPED (not in helix CSV)
Reading 1mhe_MHC_groove ... OK
Reading 1mi5_MHC_groove ... OK
Reading 1mwa_MHC_groove ... SKIPPED (not in helix CSV)
Reading 1n2r_MHC_groove ... OK
Reading 1n3n_MHC_groove ... SKIPPED (not in helix CSV)
Reading 1n59_MHC_groove ... SKIPPED (not in helix CSV)
Reading 1n5a_MHC_groove ... SKIPPED (not in helix CSV)
Reading 1nam_MHC_groove ... SKIPPED (not in helix CSV)
Reading 1nan_MHC_groove ... SKIPPED (not in helix CSV)
Reading 1nez_MHC_groove ... SKIPPED (not in helix CSV)
Reading 1of2_MHC_groove ... OK
Reading 1oga_MHC_groove ... OK
Reading 1ogt_MHC_groove ... OK
Reading 1onq_MHC_groove ... OK
Reading 1osz_MHC_groove ... SKIPPED (not in helix CSV)
Reading 1p1z_MHC_groove ... SKIPPED (not in helix CSV)
Reading 1p4l_MHC_groove ... SKIPPED (not in helix CSV)
Reading 1p7q_MHC_groove ... OK
Reading 1pqz_MHC_groove ... SKIPPED (not in helix CSV)
Reading 1q94_MHC_groove ... OK
Reading 1qew_MHC_groove ... OK
Reading 1qlf_MHC_groove ... SKIPPED (not in helix CSV)
Reading 1qo3_MHC_groove ... SKIPPED (not in helix CSV)
Reading 1qqd_MHC_groove ... OK
Reading 1qr1_MHC_groove ... OK
Reading 1qrn_MHC_groove ... OK
Reading 1qse_MHC_groove ... OK
Reading 1qsf_MHC_groove ... OK
Reading 1qvo_MHC_groove ... OK
Reading 1r3h_MHC_groove ... SKIPPED (not in helix CSV)
Reading 1rjy_MHC_groove ... SKIPPED (not in helix CSV)
Reading 1rjz_MHC_groove ... SKIPPED (not in helix CSV)
Reading 1rk0_MHC_groove ... SKIPPED (not in helix CSV)
Reading 1rk1_MHC_groove ... SKIPPED (not in helix CSV)
Reading 1s7q_MHC_groove ... SKIPPED (not in helix CSV)
Reading 1s7r_MHC_groove ... SKIPPED (not in helix CSV)
Reading 1s7s_MHC_groove ... SKIPPED (not in helix CSV)
Reading 1s7t_MHC_groove ... SKIPPED (not in helix CSV)
Reading 1s7u_MHC_groove ... SKIPPED (not in helix CSV)
Reading 1s7v_MHC_groove ... SKIPPED (not in helix CSV)
Reading 1s7w_MHC_groove ... SKIPPED (not in helix CSV)
Reading 1s7x_MHC_groove ... SKIPPED (not in helix CSV)
Reading 1s8d_MHC_groove ... OK
Reading 1s9w_MHC_groove ... OK
Reading 1s9x_MHC_groove ... OK
Reading 1s9y_MHC_groove ... OK
Reading 1sys_MHC_groove ... OK
Reading 1syv_MHC_groove ... OK
Reading 1t0m_MHC_groove ... SKIPPED (not in helix CSV)
Reading 1t0n_MHC_groove ... SKIPPED (not in helix CSV)
Reading 1t1w_MHC_groove ... OK
Reading 1t1x_MHC_groove ... OK
Reading 1t1y_MHC_groove ... OK
Reading 1t1z_MHC_groove ... OK
Reading 1t20_MHC_groove ... OK
Reading 1t21_MHC_groove ... OK
Reading 1t22_MHC_groove ... OK
Reading 1t7v_MHC_groove ... OK
Reading 1t7w_MHC_groove ... OK
Reading 1t7x_MHC_groove ... OK
Reading 1t7y_MHC_groove ... OK
Reading 1t7z_MHC_groove ... OK
Reading 1t80_MHC_groove ... OK
Reading 1tmc_MHC_groove ... OK
Reading 1tvb_MHC_groove ... OK
Reading 1tvh_MHC_groove ... OK
Reading 1u58_MHC_groove ... SKIPPED (not in helix CSV)
Reading 1uqs_MHC_groove ... OK
Reading 1uxs_MHC_groove ... OK
Reading 1uxw_MHC_groove ... OK
Reading 1vac_MHC_groove ... SKIPPED (not in helix CSV)
Reading 1vad_MHC_groove ... SKIPPED (not in helix CSV)
Reading 1vgk_MHC_groove ... SKIPPED (not in helix CSV)
Reading 1w0v_MHC_groove ... OK
Reading 1w0w_MHC_groove ... OK
Reading 1w72_MHC_groove ... OK
Reading 1wbx_MHC_groove ... SKIPPED (not in helix CSV)
Reading 1wby_MHC_groove ... SKIPPED (not in helix CSV)
Reading 1wbz_MHC_groove ... SKIPPED (not in helix CSV)
Reading 1x7q_MHC_groove ... OK
Reading 1xh3_MHC_groove ... OK
Reading 1xr8_MHC_groove ... OK
Reading 1xr9_MHC_groove ... OK
Reading 1xz0_MHC_groove ... OK
Reading 1ydp_MHC_groove ... OK
Reading 1yn6_MHC_groove ... SKIPPED (not in helix CSV)
Reading 1yn7_MHC_groove ... SKIPPED (not in helix CSV)
Reading 1ypz_MHC_groove ... SKIPPED (not in helix CSV)
Reading 1z5l_MHC_groove ... SKIPPED (not in helix CSV)
Reading 1zag_MHC_groove ... OK
Reading 1zhb_MHC_groove ... SKIPPED (not in helix CSV)
Reading 1zhk_MHC_groove ... OK
Reading 1zhl_MHC_groove ... OK
Reading 1zhn_MHC_groove ... SKIPPED (not in helix CSV)
Reading 1zs8_MHC_groove ... SKIPPED (not in helix CSV)
Reading 1zsd_MHC_groove ... OK
Reading 1zt1_MHC_groove ... SKIPPED (not in helix CSV)
Reading 1zt4_MHC_groove ... OK
Reading 1zt7_MHC_groove ... SKIPPED (not in helix CSV)
Reading 1zvs_MHC_groove ... SKIPPED (not in helix CSV)
Reading 2a83_MHC_groove ... OK
Reading 2ak4_MHC_groove ... OK
Reading 2akr_MHC_groove ... SKIPPED (not in helix CSV)
Reading 2av1_MHC_groove ... OK
Reading 2av7_MHC_groove ... OK
Reading 2axf_MHC_groove ... OK
Reading 2axg_MHC_groove ... OK
Reading 2bck_MHC_groove ... OK
Reading 2bnq_MHC_groove ... OK
Reading 2bnr_MHC_groove ... OK
Reading 2bsr_MHC_groove ... OK
Reading 2bss_MHC_groove ... OK
Reading 2bst_MHC_groove ... OK
Reading 2bvo_MHC_groove ... OK
Reading 2bvp_MHC_groove ... OK
Reading 2bvq_MHC_groove ... OK
Reading 2c7u_MHC_groove ... OK
Reading 2cii_MHC_groove ... SKIPPED (not in helix CSV)
Reading 2cik_MHC_groove ... OK
Reading 2ckb_MHC_groove ... SKIPPED (not in helix CSV)
Reading 2clr_MHC_groove ... OK
Reading 2clv_MHC_groove ... SKIPPED (not in helix CSV)
Reading 2clz_MHC_groove ... SKIPPED (not in helix CSV)
Reading 2d31_MHC_groove ... OK
Reading 2dyp_MHC_groove ... OK
Reading 2e7l_MHC_groove ... SKIPPED (not in helix CSV)
Reading 2esv_MHC_groove ... OK
Reading 2f53_MHC_groove ... OK
Reading 2f54_MHC_groove ... OK
Reading 2f74_MHC_groove ... SKIPPED (not in helix CSV)
Reading 2fik_MHC_groove ... SKIPPED (not in helix CSV)
Reading 2fo4_MHC_groove ... SKIPPED (not in helix CSV)
Reading 2fwo_MHC_groove ... SKIPPED (not in helix CSV)
Reading 2fyy_MHC_groove ... OK
Reading 2fz3_MHC_groove ... OK
Reading 2gaz_MHC_groove ... SKIPPED (not in helix CSV)
Reading 2git_MHC_groove ... OK
Reading 2gj6_MHC_groove ... OK
Reading 2gt9_MHC_groove ... OK
Reading 2gtw_MHC_groove ... OK
Reading 2gtz_MHC_groove ... OK
Reading 2guo_MHC_groove ... OK
Reading 2h26_MHC_groove ... OK
Reading 2h6p_MHC_groove ... OK
Reading 2hjk_MHC_groove ... OK
Reading 2hjl_MHC_groove ... OK
Reading 2hla_MHC_groove ... OK
Reading 2hn7_MHC_groove ... OK
Reading 2j8u_MHC_groove ... OK
Reading 2jcc_MHC_groove ... OK
Reading 2mha_MHC_groove ... SKIPPED (not in helix CSV)
Reading 2nw3_MHC_groove ... OK
Reading 2nx5_MHC_groove ... OK
Reading 2nyk_MHC_groove ... SKIPPED (not in helix CSV)
Reading 2o5n_MHC_groove ... SKIPPED (not in helix CSV)
Reading 2oi9_MHC_groove ... SKIPPED (not in helix CSV)
Reading 2ol3_MHC_groove ... SKIPPED (not in helix CSV)
Reading 2p5e_MHC_groove ... OK
Reading 2p5w_MHC_groove ... OK
Reading 2po6_MHC_groove ... OK
Reading 2pye_MHC_groove ... OK
Reading 2q7y_MHC_groove ... SKIPPED (not in helix CSV)
Reading 2qri_MHC_groove ... SKIPPED (not in helix CSV)
Reading 2qrs_MHC_groove ... SKIPPED (not in helix CSV)
Reading 2qrt_MHC_groove ... SKIPPED (not in helix CSV)
Reading 2rfx_MHC_groove ... OK
Reading 2uwe_MHC_groove ... OK
Reading 2v2w_MHC_groove ... OK
Reading 2v2x_MHC_groove ... OK
Reading 2vaa_MHC_groove ... SKIPPED (not in helix CSV)
Reading 2vab_MHC_groove ... SKIPPED (not in helix CSV)
Reading 2ve6_MHC_groove ... SKIPPED (not in helix CSV)
Reading 2vlj_MHC_groove ... OK
Reading 2vlk_MHC_groove ... OK
Reading 2vll_MHC_groove ... OK
Reading 2vlr_MHC_groove ... OK
Reading 2wy3_MHC_groove ... OK
Reading 2x4n_MHC_groove ... OK
Reading 2x4o_MHC_groove ... OK
Reading 2x4p_MHC_groove ... OK
Reading 2x4q_MHC_groove ... OK
Reading 2x4r_MHC_groove ... OK
Reading 2x4s_MHC_groove ... OK
Reading 2x4t_MHC_groove ... OK
Reading 2x4u_MHC_groove ... OK
Reading 2x70_MHC_groove ... OK
Reading 2xfx_MHC_groove ... SKIPPED (not in helix CSV)
Reading 2xpg_MHC_groove ... OK
Reading 2yez_MHC_groove ... SKIPPED (not in helix CSV)
Reading 2ypk_MHC_groove ... OK
Reading 2ypl_MHC_groove ... OK
Reading 2zok_MHC_groove ... SKIPPED (not in helix CSV)
Reading 2zol_MHC_groove ... SKIPPED (not in helix CSV)
Reading 2zsv_MHC_groove ... SKIPPED (not in helix CSV)
Reading 2zsw_MHC_groove ... SKIPPED (not in helix CSV)
Reading 3am8_MHC_groove ... OK
Reading 3arb_MHC_groove ... SKIPPED (not in helix CSV)
Reading 3ard_MHC_groove ... SKIPPED (not in helix CSV)
Reading 3are_MHC_groove ... SKIPPED (not in helix CSV)
Reading 3arf_MHC_groove ... SKIPPED (not in helix CSV)
Reading 3arg_MHC_groove ... SKIPPED (not in helix CSV)
Reading 3au1_MHC_groove ... SKIPPED (not in helix CSV)
Reading 3b3i_MHC_groove ... OK
Reading 3b6s_MHC_groove ... OK
Reading 3bev_MHC_groove ... SKIPPED (not in helix CSV)
Reading 3bew_MHC_groove ... SKIPPED (not in helix CSV)
Reading 3bgm_MHC_groove ... OK
Reading 3bh8_MHC_groove ... OK
Reading 3bh9_MHC_groove ... OK
Reading 3bhb_MHC_groove ... OK
Reading 3bo8_MHC_groove ... OK
Reading 3bp4_MHC_groove ... OK
Reading 3bp7_MHC_groove ... OK
Reading 3buy_MHC_groove ... SKIPPED (not in helix CSV)
Reading 3bvn_MHC_groove ... OK
Reading 3bw9_MHC_groove ... OK
Reading 3bwa_MHC_groove ... OK
Reading 3bxn_MHC_groove ... OK
Reading 3bze_MHC_groove ... OK
Reading 3bzf_MHC_groove ... OK
Reading 3c8k_MHC_groove ... SKIPPED (not in helix CSV)
Reading 3c9n_MHC_groove ... OK
Reading 3cc5_MHC_groove ... SKIPPED (not in helix CSV)
Reading 3cch_MHC_groove ... SKIPPED (not in helix CSV)
Reading 3cdg_MHC_groove ... OK
Reading 3ch1_MHC_groove ... SKIPPED (not in helix CSV)
Reading 3cii_MHC_groove ... OK
Reading 3cpl_MHC_groove ... SKIPPED (not in helix CSV)
Reading 3cvh_MHC_groove ... SKIPPED (not in helix CSV)
Reading 3czf_MHC_groove ... OK
Reading 3d18_MHC_groove ... OK
Reading 3d25_MHC_groove ... OK
Reading 3d2u_MHC_groove ... OK
Reading 3d39_MHC_groove ... OK
Reading 3d3v_MHC_groove ... OK
Reading 3dbx_MHC_groove ... SKIPPED (not in helix CSV)
Reading 3dmm_MHC_groove ... SKIPPED (not in helix CSV)
Reading 3dtx_MHC_groove ... OK
Reading 3dx6_MHC_groove ... OK
Reading 3dx7_MHC_groove ... OK
Reading 3dx8_MHC_groove ... OK
Reading 3dxa_MHC_groove ... OK
Reading 3e2h_MHC_groove ... SKIPPED (not in helix CSV)
Reading 3e3q_MHC_groove ... SKIPPED (not in helix CSV)
Reading 3e6f_MHC_groove ... SKIPPED (not in helix CSV)
Reading 3e6h_MHC_groove ... SKIPPED (not in helix CSV)
Reading 3ecb_MHC_groove ... SKIPPED (not in helix CSV)
Reading 3ery_MHC_groove ... SKIPPED (not in helix CSV)
Reading 3es6_MHC_groove ... OK
Reading 3ffc_MHC_groove ... OK
Reading 3fol_MHC_groove ... SKIPPED (not in helix CSV)
Reading 3fom_MHC_groove ... SKIPPED (not in helix CSV)
Reading 3fon_MHC_groove ... SKIPPED (not in helix CSV)
Reading 3fqn_MHC_groove ... OK
Reading 3fqr_MHC_groove ... OK
Reading 3fqt_MHC_groove ... OK
Reading 3fqu_MHC_groove ... OK
Reading 3fqw_MHC_groove ... OK
Reading 3fqx_MHC_groove ... OK
Reading 3fru_MHC_groove ... SKIPPED (not in helix CSV)
Reading 3ft2_MHC_groove ... OK
Reading 3ft3_MHC_groove ... OK
Reading 3ft4_MHC_groove ... OK
Reading 3ftg_MHC_groove ... SKIPPED (not in helix CSV)
Reading 3g08_MHC_groove ... SKIPPED (not in helix CSV)
Reading 3giv_MHC_groove ... OK
Reading 3gjf_MHC_groove ... OK
Reading 3gml_MHC_groove ... SKIPPED (not in helix CSV)
Reading 3gmm_MHC_groove ... SKIPPED (not in helix CSV)
Reading 3gmn_MHC_groove ... SKIPPED (not in helix CSV)
Reading 3gmo_MHC_groove ... SKIPPED (not in helix CSV)
Reading 3gmp_MHC_groove ... SKIPPED (not in helix CSV)
Reading 3gmq_MHC_groove ... SKIPPED (not in helix CSV)
Reading 3gmr_MHC_groove ... SKIPPED (not in helix CSV)
Reading 3gsn_MHC_groove ... OK
Reading 3gso_MHC_groove ... OK
Reading 3gsq_MHC_groove ... OK
Reading 3gsr_MHC_groove ... OK
Reading 3gsu_MHC_groove ... OK
Reading 3gsv_MHC_groove ... OK
Reading 3gsw_MHC_groove ... OK
Reading 3gsx_MHC_groove ... OK
Reading 3h7b_MHC_groove ... OK
Reading 3h9h_MHC_groove ... OK
Reading 3h9s_MHC_groove ... OK
Reading 3hae_MHC_groove ... OK
Reading 3hcv_MHC_groove ... OK
Reading 3he6_MHC_groove ... SKIPPED (not in helix CSV)
Reading 3he7_MHC_groove ... SKIPPED (not in helix CSV)
Reading 3hg1_MHC_groove ... OK
Reading 3hla_MHC_groove ... OK
Reading 3hpj_MHC_groove ... OK
Reading 3huj_MHC_groove ... OK
Reading 3i6g_MHC_groove ... OK
Reading 3i6k_MHC_groove ... OK
Reading 3i6l_MHC_groove ... OK
Reading 3ilp_MHC_groove ... SKIPPED (not in helix CSV)
Reading 3ilq_MHC_groove ... SKIPPED (not in helix CSV)
Reading 3it8_MHC_groove ... OK
Reading 3ixa_MHC_groove ... OK
Reading 3jtc_MHC_groove ... OK
Reading 3jts_MHC_groove ... SKIPPED (not in helix CSV)
Reading 3jtt_MHC_groove ... SKIPPED (not in helix CSV)
Reading 3jvg_MHC_groove ... SKIPPED (not in helix CSV)
Reading 3kla_MHC_groove ... OK
Reading 3kpl_MHC_groove ... OK
Reading 3kpm_MHC_groove ... OK
Reading 3kpn_MHC_groove ... OK
Reading 3kpo_MHC_groove ... OK
Reading 3kpp_MHC_groove ... OK
Reading 3kpq_MHC_groove ... OK
Reading 3kpr_MHC_groove ... OK
Reading 3kps_MHC_groove ... OK
Reading 3kww_MHC_groove ... OK
Reading 3kxf_MHC_groove ... OK
Reading 3kyn_MHC_groove ... OK
Reading 3kyo_MHC_groove ... OK
Reading 3l3d_MHC_groove ... OK
Reading 3l3g_MHC_groove ... OK
Reading 3l3h_MHC_groove ... SKIPPED (not in helix CSV)
Reading 3l3i_MHC_groove ... OK
Reading 3l3j_MHC_groove ... OK
Reading 3l3k_MHC_groove ... OK
Reading 3l9r_MHC_groove ... SKIPPED (not in helix CSV)
Reading 3lkn_MHC_groove ... OK
Reading 3lko_MHC_groove ... OK
Reading 3lkp_MHC_groove ... OK
Reading 3lkq_MHC_groove ... OK
Reading 3lkr_MHC_groove ... OK
Reading 3lks_MHC_groove ... OK
Reading 3ln4_MHC_groove ... OK
Reading 3ln5_MHC_groove ... OK
Reading 3lv3_MHC_groove ... OK
Reading 3m17_MHC_groove ... OK
Reading 3m1b_MHC_groove ... OK
Reading 3ma7_MHC_groove ... SKIPPED (not in helix CSV)
Reading 3mgo_MHC_groove ... OK
Reading 3mgt_MHC_groove ... OK
Reading 3mr9_MHC_groove ... OK
Reading 3mrb_MHC_groove ... OK
Reading 3mrc_MHC_groove ... OK
Reading 3mrd_MHC_groove ... OK
Reading 3mre_MHC_groove ... OK
Reading 3mrf_MHC_groove ... OK
Reading 3mrg_MHC_groove ... OK
Reading 3mrh_MHC_groove ... OK
Reading 3mri_MHC_groove ... OK
Reading 3mrj_MHC_groove ... OK
Reading 3mrk_MHC_groove ... OK
Reading 3mrl_MHC_groove ... OK
Reading 3mrm_MHC_groove ... OK
Reading 3mrn_MHC_groove ... OK
Reading 3mro_MHC_groove ... OK
Reading 3mrp_MHC_groove ... OK
Reading 3mrq_MHC_groove ... OK
Reading 3mrr_MHC_groove ... OK
Reading 3mv7_MHC_groove ... OK
Reading 3mv8_MHC_groove ... OK
Reading 3mv9_MHC_groove ... OK
Reading 3myj_MHC_groove ... OK
Reading 3nfn_MHC_groove ... OK
Reading 3nwm_MHC_groove ... SKIPPED (not in helix CSV)
Reading 3o3a_MHC_groove ... OK
Reading 3o3b_MHC_groove ... OK
Reading 3o3d_MHC_groove ... OK
Reading 3o3e_MHC_groove ... OK
Reading 3o4l_MHC_groove ... OK
Reading 3o8x_MHC_groove ... SKIPPED (not in helix CSV)
Reading 3o9w_MHC_groove ... SKIPPED (not in helix CSV)
Reading 3ov6_MHC_groove ... OK
Reading 3ox8_MHC_groove ... OK
Reading 3oxr_MHC_groove ... OK
Reading 3oxs_MHC_groove ... OK
Reading 3p4m_MHC_groove ... SKIPPED (not in helix CSV)
Reading 3p4n_MHC_groove ... SKIPPED (not in helix CSV)
Reading 3p4o_MHC_groove ... SKIPPED (not in helix CSV)
Reading 3p73_MHC_groove ... SKIPPED (not in helix CSV)
Reading 3p77_MHC_groove ... SKIPPED (not in helix CSV)
Reading 3p9l_MHC_groove ... SKIPPED (not in helix CSV)
Reading 3p9m_MHC_groove ... SKIPPED (not in helix CSV)
Reading 3pab_MHC_groove ... SKIPPED (not in helix CSV)
Reading 3pqy_MHC_groove ... SKIPPED (not in helix CSV)
Reading 3pwj_MHC_groove ... OK
Reading 3pwl_MHC_groove ... OK
Reading 3pwn_MHC_groove ... OK
Reading 3pwp_MHC_groove ... OK
Reading 3pwu_MHC_groove ... SKIPPED (not in helix CSV)
Reading 3pwv_MHC_groove ... SKIPPED (not in helix CSV)
Reading 3qdg_MHC_groove ... OK
Reading 3qdj_MHC_groove ... OK
Reading 3qdm_MHC_groove ... OK
Reading 3qeq_MHC_groove ... OK
Reading 3qfd_MHC_groove ... OK
Reading 3qfj_MHC_groove ... OK
Reading 3qi9_MHC_groove ... SKIPPED (not in helix CSV)
Reading 3qq3_MHC_groove ... SKIPPED (not in helix CSV)
Reading 3qq4_MHC_groove ... SKIPPED (not in helix CSV)
Reading 3quk_MHC_groove ... SKIPPED (not in helix CSV)
Reading 3qul_MHC_groove ... SKIPPED (not in helix CSV)
Reading 3qux_MHC_groove ... SKIPPED (not in helix CSV)
Reading 3quy_MHC_groove ... SKIPPED (not in helix CSV)
Reading 3quz_MHC_groove ... SKIPPED (not in helix CSV)
Reading 3qzw_MHC_groove ... OK
Reading 3rew_MHC_groove ... OK
Reading 3rgv_MHC_groove ... SKIPPED (not in helix CSV)
Reading 3rl1_MHC_groove ... OK
Reading 3rl2_MHC_groove ... OK
Reading 3rol_MHC_groove ... SKIPPED (not in helix CSV)
Reading 3roo_MHC_groove ... SKIPPED (not in helix CSV)
Reading 3rtq_MHC_groove ... SKIPPED (not in helix CSV)
Reading 3rug_MHC_groove ... SKIPPED (not in helix CSV)
Reading 3rwc_MHC_groove ... SKIPPED (not in helix CSV)
Reading 3rwd_MHC_groove ... SKIPPED (not in helix CSV)
Reading 3rwe_MHC_groove ... SKIPPED (not in helix CSV)
Reading 3rwf_MHC_groove ... SKIPPED (not in helix CSV)
Reading 3rwg_MHC_groove ... SKIPPED (not in helix CSV)
Reading 3rwh_MHC_groove ... SKIPPED (not in helix CSV)
Reading 3rwi_MHC_groove ... SKIPPED (not in helix CSV)
Reading 3rwj_MHC_groove ... SKIPPED (not in helix CSV)
Reading 3rzc_MHC_groove ... SKIPPED (not in helix CSV)
Reading 3s6c_MHC_groove ... OK
Reading 3scm_MHC_groove ... SKIPPED (not in helix CSV)
Reading 3sda_MHC_groove ... SKIPPED (not in helix CSV)
Reading 3sdc_MHC_groove ... SKIPPED (not in helix CSV)
Reading 3sdd_MHC_groove ... SKIPPED (not in helix CSV)
Reading 3sdx_MHC_groove ... OK
Reading 3sjv_MHC_groove ... OK
Reading 3skm_MHC_groove ... OK
Reading 3sko_MHC_groove ... OK
Reading 3spv_MHC_groove ... OK
Reading 3t1f_MHC_groove ... SKIPPED (not in helix CSV)
Reading 3t8x_MHC_groove ... OK
Reading 3ta3_MHC_groove ... SKIPPED (not in helix CSV)
Reading 3tbs_MHC_groove ... SKIPPED (not in helix CSV)
Reading 3tbt_MHC_groove ... SKIPPED (not in helix CSV)
Reading 3tbv_MHC_groove ... SKIPPED (not in helix CSV)
Reading 3tbw_MHC_groove ... SKIPPED (not in helix CSV)
Reading 3tby_MHC_groove ... SKIPPED (not in helix CSV)
Reading 3tf7_MHC_groove ... SKIPPED (not in helix CSV)
Reading 3tfk_MHC_groove ... SKIPPED (not in helix CSV)
Reading 3tid_MHC_groove ... SKIPPED (not in helix CSV)
Reading 3tie_MHC_groove ... SKIPPED (not in helix CSV)
Reading 3tjh_MHC_groove ... SKIPPED (not in helix CSV)
Reading 3tn0_MHC_groove ... SKIPPED (not in helix CSV)
Reading 3to2_MHC_groove ... OK
Reading 3to4_MHC_groove ... SKIPPED (not in helix CSV)
Reading 3tpu_MHC_groove ... SKIPPED (not in helix CSV)
Reading 3tvm_MHC_groove ... SKIPPED (not in helix CSV)
Reading 3tzv_MHC_groove ... OK
Reading 3u0p_MHC_groove ... OK
Reading 3ubx_MHC_groove ... SKIPPED (not in helix CSV)
Reading 3upr_MHC_groove ... OK
Reading 3utq_MHC_groove ... OK
Reading 3uts_MHC_groove ... OK
Reading 3utt_MHC_groove ... OK
Reading 3v5d_MHC_groove ... OK
Reading 3v5h_MHC_groove ... OK
Reading 3v5k_MHC_groove ... OK
Reading 3vcl_MHC_groove ... OK
Reading 3vfm_MHC_groove ... OK
Reading 3vfn_MHC_groove ... OK
Reading 3vfo_MHC_groove ... OK
Reading 3vfp_MHC_groove ... OK
Reading 3vfr_MHC_groove ... OK
Reading 3vfs_MHC_groove ... OK
Reading 3vft_MHC_groove ... OK
Reading 3vfu_MHC_groove ... OK
Reading 3vfv_MHC_groove ... OK
Reading 3vfw_MHC_groove ... OK
Reading 3vh8_MHC_groove ... OK
Reading 3vj6_MHC_groove ... SKIPPED (not in helix CSV)
Reading 3vri_MHC_groove ... OK
Reading 3vrj_MHC_groove ... OK
Reading 3vwj_MHC_groove ... OK
Reading 3vwk_MHC_groove ... OK
Reading 3vxm_MHC_groove ... OK
Reading 3vxn_MHC_groove ... OK
Reading 3vxo_MHC_groove ... OK
Reading 3vxp_MHC_groove ... OK
Reading 3vxr_MHC_groove ... OK
Reading 3vxs_MHC_groove ... OK
Reading 3vxu_MHC_groove ... OK
Reading 3w0w_MHC_groove ... OK
Reading 3w39_MHC_groove ... OK
Reading 3wl9_MHC_groove ... OK
Reading 3wlb_MHC_groove ... OK
Reading 3ws3_MHC_groove ... SKIPPED (not in helix CSV)
Reading 3ws6_MHC_groove ... SKIPPED (not in helix CSV)
Reading 3wuw_MHC_groove ... OK
Reading 3x11_MHC_groove ... OK
Reading 3x12_MHC_groove ... OK
Reading 3x13_MHC_groove ... OK
Reading 3x14_MHC_groove ... OK
Reading 4apq_MHC_groove ... SKIPPED (not in helix CSV)
Reading 4cvx_MHC_groove ... SKIPPED (not in helix CSV)
Reading 4cvz_MHC_groove ... SKIPPED (not in helix CSV)
Reading 4cw1_MHC_groove ... SKIPPED (not in helix CSV)
Reading 4d0b_MHC_groove ... SKIPPED (not in helix CSV)
Reading 4d0c_MHC_groove ... SKIPPED (not in helix CSV)
Reading 4d0d_MHC_groove ... SKIPPED (not in helix CSV)
Reading 4e0r_MHC_groove ... SKIPPED (not in helix CSV)
Reading 4e5x_MHC_groove ... OK
Reading 4ei5_MHC_groove ... SKIPPED (not in helix CSV)
Reading 4elm_MHC_groove ... SKIPPED (not in helix CSV)
Reading 4en3_MHC_groove ... OK
Reading 4eup_MHC_groove ... OK
Reading 4f7c_MHC_groove ... SKIPPED (not in helix CSV)
Reading 4f7e_MHC_groove ... SKIPPED (not in helix CSV)
Reading 4f7m_MHC_groove ... OK
Reading 4f7p_MHC_groove ... OK
Reading 4f7t_MHC_groove ... OK
Reading 4ffe_MHC_groove ... OK
Reading 4ftv_MHC_groove ... OK
Reading 4g42_MHC_groove ... SKIPPED (not in helix CSV)
Reading 4g43_MHC_groove ... SKIPPED (not in helix CSV)
Reading 4g59_MHC_groove ... SKIPPED (not in helix CSV)
Reading 4g8g_MHC_groove ... OK
Reading 4g8i_MHC_groove ... OK
Reading 4g9d_MHC_groove ... OK
Reading 4g9f_MHC_groove ... OK
Reading 4gkn_MHC_groove ... OK
Reading 4gks_MHC_groove ... OK
Reading 4gup_MHC_groove ... OK
Reading 4hkj_MHC_groove ... SKIPPED (not in helix CSV)
Reading 4hs3_MHC_groove ... SKIPPED (not in helix CSV)
Reading 4huu_MHC_groove ... SKIPPED (not in helix CSV)
Reading 4huv_MHC_groove ... SKIPPED (not in helix CSV)
Reading 4huw_MHC_groove ... SKIPPED (not in helix CSV)
Reading 4hux_MHC_groove ... SKIPPED (not in helix CSV)
Reading 4hv8_MHC_groove ... SKIPPED (not in helix CSV)
Reading 4hwz_MHC_groove ... OK
Reading 4hx1_MHC_groove ... OK
Reading 4i48_MHC_groove ... OK
Reading 4i4w_MHC_groove ... OK
Reading 4iho_MHC_groove ... SKIPPED (not in helix CSV)
Reading 4iiq_MHC_groove ... SKIPPED (not in helix CSV)
Reading 4irj_MHC_groove ... SKIPPED (not in helix CSV)
Reading 4irs_MHC_groove ... SKIPPED (not in helix CSV)
Reading 4jfd_MHC_groove ... OK
Reading 4jfe_MHC_groove ... OK
Reading 4jff_MHC_groove ... OK
Reading 4jfo_MHC_groove ... OK
Reading 4jfp_MHC_groove ... OK
Reading 4jfq_MHC_groove ... OK
Reading 4jo8_MHC_groove ... SKIPPED (not in helix CSV)
Reading 4jqv_MHC_groove ... OK
Reading 4jqx_MHC_groove ... OK
Reading 4jrx_MHC_groove ... OK
Reading 4jry_MHC_groove ... OK
Reading 4k71_MHC_groove ... OK
Reading 4k7f_MHC_groove ... OK
Reading 4l29_MHC_groove ... OK
Reading 4l3c_MHC_groove ... OK
Reading 4l3e_MHC_groove ... OK
Reading 4l4t_MHC_groove ... OK
Reading 4l4v_MHC_groove ... OK
Reading 4l8b_MHC_groove ... SKIPPED (not in helix CSV)
Reading 4l8c_MHC_groove ... SKIPPED (not in helix CSV)
Reading 4l8d_MHC_groove ... SKIPPED (not in helix CSV)
Reading 4l8s_MHC_groove ... SKIPPED (not in helix CSV)
Reading 4l9l_MHC_groove ... SKIPPED (not in helix CSV)
Reading 4lcc_MHC_groove ... SKIPPED (not in helix CSV)
Reading 4lcw_MHC_groove ... OK
Reading 4lcy_MHC_groove ... OK
Reading 4lhu_MHC_groove ... OK
Reading 4lnr_MHC_groove ... OK
Reading 4mj5_MHC_groove ... OK
Reading 4mj6_MHC_groove ... OK
Reading 4mji_MHC_groove ... OK
Reading 4mng_MHC_groove ... OK
Reading 4mnq_MHC_groove ... OK
Reading 4mq7_MHC_groove ... OK
Reading 4ms8_MHC_groove ... SKIPPED (not in helix CSV)
Reading 4mvb_MHC_groove ... SKIPPED (not in helix CSV)
Reading 4mx7_MHC_groove ... SKIPPED (not in helix CSV)
Reading 4mxq_MHC_groove ... SKIPPED (not in helix CSV)
Reading 4n0c_MHC_groove ... SKIPPED (not in helix CSV)
Reading 4n0f_MHC_groove ... OK
Reading 4n0u_MHC_groove ... OK
Reading 4n5e_MHC_groove ... SKIPPED (not in helix CSV)
Reading 4n8v_MHC_groove ... OK
Reading 4nhu_MHC_groove ... SKIPPED (not in helix CSV)
Reading 4nnx_MHC_groove ... OK
Reading 4nny_MHC_groove ... OK
Reading 4no0_MHC_groove ... OK
Reading 4no2_MHC_groove ... OK
Reading 4no3_MHC_groove ... OK
Reading 4no5_MHC_groove ... OK
Reading 4nqc_MHC_groove ... OK
Reading 4nqd_MHC_groove ... OK
Reading 4nqe_MHC_groove ... OK
Reading 4nqv_MHC_groove ... OK
Reading 4nqx_MHC_groove ... OK
Reading 4nsk_MHC_groove ... SKIPPED (not in helix CSV)
Reading 4nt6_MHC_groove ... OK
Reading 4o2c_MHC_groove ... OK
Reading 4o2e_MHC_groove ... OK
Reading 4o2f_MHC_groove ... OK
Reading 4ono_MHC_groove ... OK
Reading 4pdc_MHC_groove ... OK
Reading 4pg2_MHC_groove ... SKIPPED (not in helix CSV)
Reading 4pg9_MHC_groove ... SKIPPED (not in helix CSV)
Reading 4pgb_MHC_groove ... SKIPPED (not in helix CSV)
Reading 4pgc_MHC_groove ... SKIPPED (not in helix CSV)
Reading 4pgd_MHC_groove ... SKIPPED (not in helix CSV)
Reading 4pge_MHC_groove ... SKIPPED (not in helix CSV)
Reading 4pj5_MHC_groove ... OK
Reading 4pj7_MHC_groove ... OK
Reading 4pj8_MHC_groove ... OK
Reading 4pj9_MHC_groove ... OK
Reading 4pja_MHC_groove ... OK
Reading 4pjb_MHC_groove ... OK
Reading 4pjc_MHC_groove ... OK
Reading 4pjd_MHC_groove ... OK
Reading 4pje_MHC_groove ... OK
Reading 4pjf_MHC_groove ... OK
Reading 4pjg_MHC_groove ... OK
Reading 4pjh_MHC_groove ... OK
Reading 4pji_MHC_groove ... OK
Reading 4pjx_MHC_groove ... OK
Reading 4pp8_MHC_groove ... SKIPPED (not in helix CSV)
Reading 4pr5_MHC_groove ... OK
Reading 4pra_MHC_groove ... OK
Reading 4prb_MHC_groove ... OK
Reading 4prd_MHC_groove ... OK
Reading 4pre_MHC_groove ... OK
Reading 4prh_MHC_groove ... OK
Reading 4pri_MHC_groove ... OK
Reading 4prn_MHC_groove ... OK
Reading 4prp_MHC_groove ... OK
Reading 4pv8_MHC_groove ... SKIPPED (not in helix CSV)
Reading 4pv9_MHC_groove ... SKIPPED (not in helix CSV)
Reading 4qok_MHC_groove ... OK
Reading 4qrp_MHC_groove ... OK
Reading 4qrq_MHC_groove ... OK
Reading 4qrr_MHC_groove ... OK
Reading 4qrs_MHC_groove ... OK
Reading 4qrt_MHC_groove ... OK
Reading 4qru_MHC_groove ... OK
Reading 4s0u_MHC_groove ... OK
Reading 4u1h_MHC_groove ... OK
Reading 4u1i_MHC_groove ... OK
Reading 4u1j_MHC_groove ... OK
Reading 4u1k_MHC_groove ... OK
Reading 4u1l_MHC_groove ... OK
Reading 4u1m_MHC_groove ... OK
Reading 4u1n_MHC_groove ... OK
Reading 4u1s_MHC_groove ... OK
Reading 4u6x_MHC_groove ... OK
Reading 4u6y_MHC_groove ... OK
Reading 4uq2_MHC_groove ... OK
Reading 4uq3_MHC_groove ... OK
Reading 4v3d_MHC_groove ... OK
Reading 4v3e_MHC_groove ... OK
Reading 4wdi_MHC_groove ... SKIPPED (not in helix CSV)
Reading 4wj5_MHC_groove ... OK
Reading 4wo4_MHC_groove ... OK
Reading 4wu5_MHC_groove ... OK
Reading 4wu7_MHC_groove ... OK
Reading 4wuu_MHC_groove ... OK
Reading 4ww2_MHC_groove ... OK
Reading 4wwk_MHC_groove ... OK
Reading 4x6c_MHC_groove ... OK
Reading 4x6d_MHC_groove ... OK
Reading 4x6e_MHC_groove ... OK
Reading 4x6f_MHC_groove ... OK
Reading 4xxc_MHC_groove ... OK
Reading 4y16_MHC_groove ... SKIPPED (not in helix CSV)
Reading 4y2d_MHC_groove ... SKIPPED (not in helix CSV)
Reading 4y4f_MHC_groove ... SKIPPED (not in helix CSV)
Reading 4y4h_MHC_groove ... SKIPPED (not in helix CSV)
Reading 4y4k_MHC_groove ... SKIPPED (not in helix CSV)
Reading 4z76_MHC_groove ... SKIPPED (not in helix CSV)
Reading 4z77_MHC_groove ... SKIPPED (not in helix CSV)
Reading 4z78_MHC_groove ... SKIPPED (not in helix CSV)
Reading 4zak_MHC_groove ... SKIPPED (not in helix CSV)
Reading 4zfz_MHC_groove ... SKIPPED (not in helix CSV)
Reading 4zus_MHC_groove ... SKIPPED (not in helix CSV)
Reading 4zut_MHC_groove ... SKIPPED (not in helix CSV)
Reading 4zuu_MHC_groove ... SKIPPED (not in helix CSV)
Reading 4zuv_MHC_groove ... SKIPPED (not in helix CSV)
Reading 4zuw_MHC_groove ... SKIPPED (not in helix CSV)
Reading 5acz_MHC_groove ... SKIPPED (not in helix CSV)
Reading 5ad0_MHC_groove ... SKIPPED (not in helix CSV)
Reading 5b38_MHC_groove ... OK
Reading 5b39_MHC_groove ... OK
Reading 5bjt_MHC_groove ... OK
Reading 5brz_MHC_groove ... OK
Reading 5bs0_MHC_groove ... OK
Reading 5bxf_MHC_groove ... OK
Reading 5c07_MHC_groove ... OK
Reading 5c08_MHC_groove ... OK
Reading 5c09_MHC_groove ... OK
Reading 5c0a_MHC_groove ... OK
Reading 5c0b_MHC_groove ... OK
Reading 5c0c_MHC_groove ... OK
Reading 5c0d_MHC_groove ... OK
Reading 5c0e_MHC_groove ... OK
Reading 5c0f_MHC_groove ... OK
Reading 5c0g_MHC_groove ... OK
Reading 5c0i_MHC_groove ... OK
Reading 5c0j_MHC_groove ... OK
Reading 5c9j_MHC_groove ... OK
Reading 5d2l_MHC_groove ... OK
Reading 5d2n_MHC_groove ... OK
Reading 5d5m_MHC_groove ... OK
Reading 5d7i_MHC_groove ... OK
Reading 5d7j_MHC_groove ... OK
Reading 5d7l_MHC_groove ... OK
Reading 5d9s_MHC_groove ... OK
Reading 5ddh_MHC_groove ... OK
Reading 5def_MHC_groove ... OK
Reading 5deg_MHC_groove ... OK
Reading 5e00_MHC_groove ... OK
Reading 5e6i_MHC_groove ... OK
Reading 5e8n_MHC_groove ... SKIPPED (not in helix CSV)
Reading 5e8o_MHC_groove ... SKIPPED (not in helix CSV)
Reading 5e8p_MHC_groove ... SKIPPED (not in helix CSV)
Reading 5e9d_MHC_groove ... OK
Reading 5efi_MHC_groove ... SKIPPED (not in helix CSV)
Reading 5enw_MHC_groove ... OK
Reading 5eo0_MHC_groove ... OK
Reading 5eo1_MHC_groove ... OK
Reading 5eot_MHC_groove ... OK
Reading 5eu3_MHC_groove ... OK
Reading 5eu4_MHC_groove ... OK
Reading 5eu5_MHC_groove ... OK
Reading 5eu6_MHC_groove ... OK
Reading 5euo_MHC_groove ... OK
Reading 5f1i_MHC_groove ... SKIPPED (not in helix CSV)
Reading 5f1n_MHC_groove ... SKIPPED (not in helix CSV)
Reading 5f7d_MHC_groove ... OK
Reading 5f9j_MHC_groove ... OK
Reading 5fa3_MHC_groove ... OK
Reading 5fa4_MHC_groove ... OK
Reading 5fdw_MHC_groove ... OK
Reading 5fkp_MHC_groove ... SKIPPED (not in helix CSV)
Reading 5gjx_MHC_groove ... SKIPPED (not in helix CSV)
Reading 5gjy_MHC_groove ... SKIPPED (not in helix CSV)
Reading 5gr7_MHC_groove ... SKIPPED (not in helix CSV)
Reading 5grd_MHC_groove ... OK
Reading 5grg_MHC_groove ... OK
Reading 5gsb_MHC_groove ... SKIPPED (not in helix CSV)
Reading 5gsd_MHC_groove ... OK
Reading 5gsr_MHC_groove ... SKIPPED (not in helix CSV)
Reading 5gsv_MHC_groove ... SKIPPED (not in helix CSV)
Reading 5gsx_MHC_groove ... SKIPPED (not in helix CSV)
Reading 5h5z_MHC_groove ... SKIPPED (not in helix CSV)
Reading 5h94_MHC_groove ... SKIPPED (not in helix CSV)
Reading 5hga_MHC_groove ... OK
Reading 5hgb_MHC_groove ... OK
Reading 5hgd_MHC_groove ... OK
Reading 5hgh_MHC_groove ... OK
Reading 5hhm_MHC_groove ... OK
Reading 5hhn_MHC_groove ... OK
Reading 5hho_MHC_groove ... OK
Reading 5hhp_MHC_groove ... OK
Reading 5hhq_MHC_groove ... OK
Reading 5hyj_MHC_groove ... OK
Reading 5ib1_MHC_groove ... OK
Reading 5ib2_MHC_groove ... OK
Reading 5ib3_MHC_groove ... OK
Reading 5ib4_MHC_groove ... OK
Reading 5ib5_MHC_groove ... OK
Reading 5ieh_MHC_groove ... OK
Reading 5iek_MHC_groove ... OK
Reading 5im7_MHC_groove ... OK
Reading 5inc_MHC_groove ... OK
Reading 5ind_MHC_groove ... OK
Reading 5iro_MHC_groove ... OK
Reading 5isz_MHC_groove ... OK
Reading 5iue_MHC_groove ... OK
Reading 5ivx_MHC_groove ... SKIPPED (not in helix CSV)
Reading 5j1a_MHC_groove ... OK
Reading 5j6g_MHC_groove ... SKIPPED (not in helix CSV)
Reading 5j6h_MHC_groove ... SKIPPED (not in helix CSV)
Reading 5jhd_MHC_groove ... OK
Reading 5jwd_MHC_groove ... SKIPPED (not in helix CSV)
Reading 5jwe_MHC_groove ... SKIPPED (not in helix CSV)
Reading 5jzi_MHC_groove ... OK
Reading 5kd4_MHC_groove ... SKIPPED (not in helix CSV)
Reading 5kd7_MHC_groove ... SKIPPED (not in helix CSV)
Reading 5knm_MHC_groove ... OK
Reading 5l2j_MHC_groove ... OK
Reading 5l2k_MHC_groove ... OK
Reading 5m00_MHC_groove ... SKIPPED (not in helix CSV)
Reading 5m01_MHC_groove ... SKIPPED (not in helix CSV)
Reading 5m02_MHC_groove ... SKIPPED (not in helix CSV)
Reading 5men_MHC_groove ... OK
Reading 5meo_MHC_groove ... OK
Reading 5mep_MHC_groove ... OK
Reading 5meq_MHC_groove ... OK
Reading 5mer_MHC_groove ... OK
Reading 5mzm_MHC_groove ... SKIPPED (not in helix CSV)
Reading 5n1y_MHC_groove ... OK
Reading 5n6b_MHC_groove ... OK
Reading 5nht_MHC_groove ... OK
Reading 5nme_MHC_groove ... OK
Reading 5nmf_MHC_groove ... OK
Reading 5nmg_MHC_groove ... OK
Reading 5nmh_MHC_groove ... OK
Reading 5nmk_MHC_groove ... OK
Reading 5npz_MHC_groove ... SKIPPED (not in helix CSV)
Reading 5nq0_MHC_groove ... SKIPPED (not in helix CSV)
Reading 5nq1_MHC_groove ... SKIPPED (not in helix CSV)
Reading 5nq2_MHC_groove ... SKIPPED (not in helix CSV)
Reading 5nq3_MHC_groove ... SKIPPED (not in helix CSV)
Reading 5nqk_MHC_groove ... OK
Reading 5opi_MHC_groove ... SKIPPED (not in helix CSV)
Reading 5oqf_MHC_groove ... SKIPPED (not in helix CSV)
Reading 5oqg_MHC_groove ... SKIPPED (not in helix CSV)
Reading 5oqh_MHC_groove ... SKIPPED (not in helix CSV)
Reading 5oqi_MHC_groove ... SKIPPED (not in helix CSV)
Reading 5swq_MHC_groove ... OK
Reading 5sws_MHC_groove ... SKIPPED (not in helix CSV)
Reading 5swz_MHC_groove ... SKIPPED (not in helix CSV)
Reading 5t6w_MHC_groove ... OK
Reading 5t6x_MHC_groove ... OK
Reading 5t6y_MHC_groove ... OK
Reading 5t6z_MHC_groove ... OK
Reading 5t70_MHC_groove ... OK
Reading 5t7g_MHC_groove ... SKIPPED (not in helix CSV)
Reading 5tez_MHC_groove ... OK
Reading 5til_MHC_groove ... SKIPPED (not in helix CSV)
Reading 5tje_MHC_groove ... SKIPPED (not in helix CSV)
Reading 5trz_MHC_groove ... SKIPPED (not in helix CSV)
Reading 5ts1_MHC_groove ... SKIPPED (not in helix CSV)
Reading 5tw2_MHC_groove ... SKIPPED (not in helix CSV)
Reading 5tw5_MHC_groove ... SKIPPED (not in helix CSV)
Reading 5txs_MHC_groove ... OK
Reading 5u16_MHC_groove ... OK
Reading 5u17_MHC_groove ... OK
Reading 5u1r_MHC_groove ... OK
Reading 5u2v_MHC_groove ... OK
Reading 5u6q_MHC_groove ... OK
Reading 5u72_MHC_groove ... OK
Reading 5u98_MHC_groove ... OK
Reading 5v5l_MHC_groove ... OK
Reading 5v5m_MHC_groove ... OK
Reading 5vcj_MHC_groove ... SKIPPED (not in helix CSV)
Reading 5vcl_MHC_groove ... SKIPPED (not in helix CSV)
Reading 5vgd_MHC_groove ... OK
Reading 5vge_MHC_groove ... OK
Reading 5vud_MHC_groove ... OK
Reading 5vue_MHC_groove ... OK
Reading 5vuf_MHC_groove ... OK
Reading 5vvp_MHC_groove ... OK
Reading 5vwd_MHC_groove ... OK
Reading 5vwf_MHC_groove ... OK
Reading 5vwh_MHC_groove ... OK
Reading 5vwj_MHC_groove ... OK
Reading 5vz5_MHC_groove ... OK
Reading 5w1v_MHC_groove ... OK
Reading 5w1w_MHC_groove ... OK
Reading 5w67_MHC_groove ... OK
Reading 5w69_MHC_groove ... OK
Reading 5w6a_MHC_groove ... OK
Reading 5wer_MHC_groove ... SKIPPED (not in helix CSV)
Reading 5wes_MHC_groove ... SKIPPED (not in helix CSV)
Reading 5wet_MHC_groove ... SKIPPED (not in helix CSV)
Reading 5weu_MHC_groove ... SKIPPED (not in helix CSV)
Reading 5whk_MHC_groove ... OK
Reading 5wjl_MHC_groove ... OK
Reading 5wjn_MHC_groove ... OK
Reading 5wke_MHC_groove ... OK
Reading 5wkf_MHC_groove ... OK
Reading 5wkg_MHC_groove ... OK
Reading 5wkh_MHC_groove ... OK
Reading 5wki_MHC_groove ... OK
Reading 5wl1_MHC_groove ... OK
Reading 5wlg_MHC_groove ... SKIPPED (not in helix CSV)
Reading 5wli_MHC_groove ... SKIPPED (not in helix CSV)
Reading 5wmn_MHC_groove ... OK
Reading 5wmo_MHC_groove ... OK
Reading 5wmp_MHC_groove ... OK
Reading 5wmq_MHC_groove ... OK
Reading 5wmr_MHC_groove ... OK
Reading 5wsh_MHC_groove ... OK
Reading 5wwi_MHC_groove ... OK
Reading 5wwj_MHC_groove ... OK
Reading 5wwu_MHC_groove ... OK
Reading 5wxc_MHC_groove ... OK
Reading 5wxd_MHC_groove ... OK
Reading 5xmf_MHC_groove ... SKIPPED (not in helix CSV)
Reading 5xmm_MHC_groove ... SKIPPED (not in helix CSV)
Reading 5xos_MHC_groove ... OK
Reading 5xot_MHC_groove ... OK
Reading 5xov_MHC_groove ... OK
Reading 5xs3_MHC_groove ... OK
Reading 5y91_MHC_groove ... SKIPPED (not in helix CSV)
Reading 5ylx_MHC_groove ... SKIPPED (not in helix CSV)
Reading 5ymv_MHC_groove ... SKIPPED (not in helix CSV)
Reading 5ymw_MHC_groove ... SKIPPED (not in helix CSV)
Reading 5yxn_MHC_groove ... OK
Reading 5yxu_MHC_groove ... OK
Reading 6a2b_MHC_groove ... SKIPPED (not in helix CSV)
Reading 6a6h_MHC_groove ... SKIPPED (not in helix CSV)
Reading 6a97_MHC_groove ... SKIPPED (not in helix CSV)
Reading 6aee_MHC_groove ... OK
Reading 6am5_MHC_groove ... OK
Reading 6amt_MHC_groove ... OK
Reading 6amu_MHC_groove ... OK
Reading 6apn_MHC_groove ... OK
Reading 6at5_MHC_groove ... OK
Reading 6at9_MHC_groove ... OK
Reading 6avf_MHC_groove ... OK
Reading 6avg_MHC_groove ... OK
Reading 6bj2_MHC_groove ... OK
Reading 6bj3_MHC_groove ... OK
Reading 6bj8_MHC_groove ... OK
Reading 6bmh_MHC_groove ... SKIPPED (not in helix CSV)
Reading 6bmk_MHC_groove ... SKIPPED (not in helix CSV)
Reading 6bnk_MHC_groove ... SKIPPED (not in helix CSV)
Reading 6bnl_MHC_groove ... SKIPPED (not in helix CSV)
Reading 6bxp_MHC_groove ... OK
Reading 6bxq_MHC_groove ... OK
Reading 6c09_MHC_groove ... OK
Reading 6c15_MHC_groove ... OK
Reading 6c5m_MHC_groove ... SKIPPED (not in helix CSV)
Reading 6c69_MHC_groove ... SKIPPED (not in helix CSV)
Reading 6c6a_MHC_groove ... SKIPPED (not in helix CSV)
Reading 6c6c_MHC_groove ... SKIPPED (not in helix CSV)
Reading 6c6e_MHC_groove ... SKIPPED (not in helix CSV)
Reading 6c6f_MHC_groove ... SKIPPED (not in helix CSV)
Reading 6c6h_MHC_groove ... SKIPPED (not in helix CSV)
Reading 6c6j_MHC_groove ... SKIPPED (not in helix CSV)
Reading 6c97_MHC_groove ... OK
Reading 6c98_MHC_groove ... OK
Reading 6c99_MHC_groove ... OK
Reading 6cug_MHC_groove ... OK
Reading 6cw6_MHC_groove ... SKIPPED (not in helix CSV)
Reading 6cw9_MHC_groove ... SKIPPED (not in helix CSV)
Reading 6cwb_MHC_groove ... SKIPPED (not in helix CSV)
Reading 6cwe_MHC_groove ... SKIPPED (not in helix CSV)
Reading 6cx5_MHC_groove ... SKIPPED (not in helix CSV)
Reading 6cx7_MHC_groove ... SKIPPED (not in helix CSV)
Reading 6cx9_MHC_groove ... SKIPPED (not in helix CSV)
Reading 6cxa_MHC_groove ... SKIPPED (not in helix CSV)
Reading 6cxe_MHC_groove ... SKIPPED (not in helix CSV)
Reading 6cxf_MHC_groove ... SKIPPED (not in helix CSV)
Reading 6cyw_MHC_groove ... SKIPPED (not in helix CSV)
Reading 6d29_MHC_groove ... OK
Reading 6d2b_MHC_groove ... OK
Reading 6d2r_MHC_groove ... OK
Reading 6d2t_MHC_groove ... OK
Reading 6d64_MHC_groove ... OK
Reading 6d78_MHC_groove ... OK
Reading 6d7g_MHC_groove ... OK
Reading 6dkp_MHC_groove ... OK
Reading 6e1i_MHC_groove ... SKIPPED (not in helix CSV)
Reading 6ei2_MHC_groove ... OK
Reading 6eny_MHC_groove ... OK
Reading 6eqa_MHC_groove ... OK
Reading 6eqb_MHC_groove ... OK
Reading 6ewa_MHC_groove ... OK
Reading 6ewc_MHC_groove ... OK
Reading 6ewo_MHC_groove ... OK
Reading 6fgb_MHC_groove ... OK
Reading 6g3j_MHC_groove ... OK
Reading 6g3k_MHC_groove ... OK
Reading 6g9q_MHC_groove ... SKIPPED (not in helix CSV)
Reading 6g9r_MHC_groove ... SKIPPED (not in helix CSV)
Reading 6gb5_MHC_groove ... SKIPPED (not in helix CSV)
Reading 6gb6_MHC_groove ... SKIPPED (not in helix CSV)
Reading 6gb7_MHC_groove ... SKIPPED (not in helix CSV)
Reading 6ggm_MHC_groove ... OK
Reading 6gh1_MHC_groove ... OK
Reading 6gh4_MHC_groove ... OK
Reading 6ghn_MHC_groove ... OK
Reading 6gl1_MHC_groove ... OK
Reading 6h6d_MHC_groove ... SKIPPED (not in helix CSV)
Reading 6h6h_MHC_groove ... SKIPPED (not in helix CSV)
Reading 6id4_MHC_groove ... OK
Reading 6iex_MHC_groove ... OK
Reading 6ilc_MHC_groove ... SKIPPED (not in helix CSV)
Reading 6ile_MHC_groove ... SKIPPED (not in helix CSV)
Reading 6ilf_MHC_groove ... SKIPPED (not in helix CSV)
Reading 6ilg_MHC_groove ... SKIPPED (not in helix CSV)
Reading 6ilm_MHC_groove ... OK
Reading 6irl_MHC_groove ... SKIPPED (not in helix CSV)
Reading 6iwg_MHC_groove ... SKIPPED (not in helix CSV)
Reading 6iwh_MHC_groove ... SKIPPED (not in helix CSV)
Reading 6j1v_MHC_groove ... OK
Reading 6j1w_MHC_groove ... OK
Reading 6j29_MHC_groove ... OK
Reading 6j2a_MHC_groove ... OK
Reading 6j2d_MHC_groove ... SKIPPED (not in helix CSV)
Reading 6j2e_MHC_groove ... SKIPPED (not in helix CSV)
Reading 6j2f_MHC_groove ... SKIPPED (not in helix CSV)
Reading 6j2g_MHC_groove ... SKIPPED (not in helix CSV)
Reading 6j2h_MHC_groove ... SKIPPED (not in helix CSV)
Reading 6j2i_MHC_groove ... SKIPPED (not in helix CSV)
Reading 6j2j_MHC_groove ... SKIPPED (not in helix CSV)
Reading 6joz_MHC_groove ... OK
Reading 6jp3_MHC_groove ... OK
Reading 6jq2_MHC_groove ... SKIPPED (not in helix CSV)
Reading 6jq3_MHC_groove ... SKIPPED (not in helix CSV)
Reading 6jtn_MHC_groove ... OK
Reading 6jto_MHC_groove ... OK
Reading 6jtp_MHC_groove ... OK
Reading 6k60_MHC_groove ... OK
Reading 6k7t_MHC_groove ... SKIPPED (not in helix CSV)
Reading 6kwk_MHC_groove ... SKIPPED (not in helix CSV)
Reading 6kwl_MHC_groove ... SKIPPED (not in helix CSV)
Reading 6kwn_MHC_groove ... SKIPPED (not in helix CSV)
Reading 6kwo_MHC_groove ... SKIPPED (not in helix CSV)
Reading 6kx9_MHC_groove ... SKIPPED (not in helix CSV)
Reading 6kyu_MHC_groove ... SKIPPED (not in helix CSV)
Reading 6l9k_MHC_groove ... SKIPPED (not in helix CSV)
Reading 6l9l_MHC_groove ... SKIPPED (not in helix CSV)
Reading 6l9m_MHC_groove ... SKIPPED (not in helix CSV)
Reading 6l9n_MHC_groove ... SKIPPED (not in helix CSV)
Reading 6la6_MHC_groove ... OK
Reading 6la7_MHC_groove ... OK
Reading 6lah_MHC_groove ... SKIPPED (not in helix CSV)
Reading 6lam_MHC_groove ... SKIPPED (not in helix CSV)
Reading 6lb2_MHC_groove ... SKIPPED (not in helix CSV)
Reading 6lbe_MHC_groove ... SKIPPED (not in helix CSV)
Reading 6lf8_MHC_groove ... SKIPPED (not in helix CSV)
Reading 6lf9_MHC_groove ... SKIPPED (not in helix CSV)
Reading 6lhf_MHC_groove ... SKIPPED (not in helix CSV)
Reading 6lhg_MHC_groove ... SKIPPED (not in helix CSV)
Reading 6lhh_MHC_groove ... SKIPPED (not in helix CSV)
Reading 6lt6_MHC_groove ... SKIPPED (not in helix CSV)
Reading 6lup_MHC_groove ... SKIPPED (not in helix CSV)
Reading 6m24_MHC_groove ... SKIPPED (not in helix CSV)
Reading 6m2j_MHC_groove ... SKIPPED (not in helix CSV)
Reading 6m2k_MHC_groove ... SKIPPED (not in helix CSV)
Reading 6miv_MHC_groove ... SKIPPED (not in helix CSV)
Reading 6miy_MHC_groove ... SKIPPED (not in helix CSV)
Reading 6mj4_MHC_groove ... SKIPPED (not in helix CSV)
Reading 6mj6_MHC_groove ... SKIPPED (not in helix CSV)
Reading 6mja_MHC_groove ... SKIPPED (not in helix CSV)
Reading 6mji_MHC_groove ... SKIPPED (not in helix CSV)
Reading 6mjj_MHC_groove ... SKIPPED (not in helix CSV)
Reading 6mjq_MHC_groove ... SKIPPED (not in helix CSV)
Reading 6mp0_MHC_groove ... SKIPPED (not in helix CSV)
Reading 6mp1_MHC_groove ... SKIPPED (not in helix CSV)
Reading 6mpp_MHC_groove ... OK
Reading 6mss_MHC_groove ... SKIPPED (not in helix CSV)
Reading 6mt3_MHC_groove ... OK
Reading 6mt4_MHC_groove ... OK
Reading 6mt5_MHC_groove ... OK
Reading 6mt6_MHC_groove ... OK
Reading 6mtl_MHC_groove ... OK
Reading 6mtm_MHC_groove ... OK
Reading 6mwr_MHC_groove ... OK
Reading 6nca_MHC_groove ... OK
Reading 6nf7_MHC_groove ... SKIPPED (not in helix CSV)
Reading 6nha_MHC_groove ... OK
Reading 6npr_MHC_groove ... SKIPPED (not in helix CSV)
Reading 6nux_MHC_groove ... OK
Reading 6o4y_MHC_groove ... OK
Reading 6o4z_MHC_groove ... OK
Reading 6o51_MHC_groove ... OK
Reading 6o53_MHC_groove ... OK
Reading 6o9b_MHC_groove ... OK
Reading 6o9c_MHC_groove ... OK
Reading 6ojp_MHC_groove ... SKIPPED (not in helix CSV)
Reading 6omg_MHC_groove ... SKIPPED (not in helix CSV)
Reading 6oor_MHC_groove ... SKIPPED (not in helix CSV)
Reading 6opd_MHC_groove ... OK
Reading 6p23_MHC_groove ... OK
Reading 6p27_MHC_groove ... OK
Reading 6p2c_MHC_groove ... OK
Reading 6p2f_MHC_groove ... OK
Reading 6p2s_MHC_groove ... OK
Reading 6p64_MHC_groove ... OK
Reading 6pa1_MHC_groove ... OK
Reading 6pag_MHC_groove ... OK
Reading 6pbh_MHC_groove ... OK
Reading 6ptb_MHC_groove ... OK
Reading 6pte_MHC_groove ... OK
Reading 6puc_MHC_groove ... OK
Reading 6pud_MHC_groove ... OK
Reading 6pue_MHC_groove ... OK
Reading 6puf_MHC_groove ... OK
Reading 6pug_MHC_groove ... OK
Reading 6puh_MHC_groove ... OK
Reading 6pui_MHC_groove ... OK
Reading 6puj_MHC_groove ... OK
Reading 6puk_MHC_groove ... OK
Reading 6pul_MHC_groove ... OK
Reading 6pum_MHC_groove ... OK
Reading 6pvc_MHC_groove ... OK
Reading 6pvd_MHC_groove ... OK
Reading 6pyj_MHC_groove ... OK
Reading 6pyl_MHC_groove ... OK
Reading 6pyv_MHC_groove ... OK
Reading 6pyw_MHC_groove ... OK
Reading 6pz5_MHC_groove ... OK
Reading 6q3k_MHC_groove ... OK
Reading 6q3s_MHC_groove ... OK
Reading 6qio_MHC_groove ... OK
Reading 6qip_MHC_groove ... OK
Reading 6r2l_MHC_groove ... OK
Reading 6r2u_MHC_groove ... OK
Reading 6rp9_MHC_groove ... OK
Reading 6rpa_MHC_groove ... OK
Reading 6rpb_MHC_groove ... OK
Reading 6rsy_MHC_groove ... OK
Reading 6sny_MHC_groove ... OK
Reading 6ss7_MHC_groove ... OK
Reading 6ss8_MHC_groove ... OK
Reading 6ss9_MHC_groove ... OK
Reading 6ssa_MHC_groove ... OK
Reading 6tdo_MHC_groove ... OK
Reading 6tdp_MHC_groove ... OK
Reading 6tdq_MHC_groove ... OK
Reading 6tdr_MHC_groove ... OK
Reading 6tds_MHC_groove ... OK
Reading 6tmo_MHC_groove ... OK
Reading 6trn_MHC_groove ... OK
Reading 6tro_MHC_groove ... OK
Reading 6uj7_MHC_groove ... OK
Reading 6uj8_MHC_groove ... OK
Reading 6uj9_MHC_groove ... OK
Reading 6ujo_MHC_groove ... OK
Reading 6ujq_MHC_groove ... OK
Reading 6uk2_MHC_groove ... OK
Reading 6uk4_MHC_groove ... OK
Reading 6uli_MHC_groove ... OK
Reading 6ulk_MHC_groove ... OK
Reading 6uln_MHC_groove ... OK
Reading 6ulr_MHC_groove ... OK
Reading 6uon_MHC_groove ... OK
Reading 6uz1_MHC_groove ... OK
Reading 6uzm_MHC_groove ... OK
Reading 6uzn_MHC_groove ... OK
Reading 6uzo_MHC_groove ... OK
Reading 6uzp_MHC_groove ... OK
Reading 6uzq_MHC_groove ... OK
Reading 6uzs_MHC_groove ... OK
Reading 6v2o_MHC_groove ... OK
Reading 6v2p_MHC_groove ... OK
Reading 6v2q_MHC_groove ... OK
Reading 6v3j_MHC_groove ... OK
Reading 6v7y_MHC_groove ... OK
Reading 6v7z_MHC_groove ... OK
Reading 6v80_MHC_groove ... OK
Reading 6vb0_MHC_groove ... OK
Reading 6vb1_MHC_groove ... OK
Reading 6vb2_MHC_groove ... OK
Reading 6vb3_MHC_groove ... OK
Reading 6vb4_MHC_groove ... OK
Reading 6vb5_MHC_groove ... OK
Reading 6vb6_MHC_groove ... OK
Reading 6vb7_MHC_groove ... OK
Reading 6viu_MHC_groove ... OK
Reading 6vm7_MHC_groove ... OK
Reading 6vm8_MHC_groove ... OK
Reading 6vm9_MHC_groove ... OK
Reading 6vma_MHC_groove ... OK
Reading 6vmc_MHC_groove ... OK
Reading 6vmx_MHC_groove ... OK
Reading 6vpz_MHC_groove ... OK
Reading 6vq2_MHC_groove ... OK
Reading 6vqd_MHC_groove ... OK
Reading 6vqe_MHC_groove ... OK
Reading 6vqo_MHC_groove ... OK
Reading 6vqy_MHC_groove ... OK
Reading 6vqz_MHC_groove ... OK
Reading 6vr1_MHC_groove ... OK
Reading 6vr5_MHC_groove ... OK
Reading 6vrm_MHC_groove ... OK
Reading 6vrn_MHC_groove ... OK
Reading 6w51_MHC_groove ... OK
Reading 6w9u_MHC_groove ... OK
Reading 6w9v_MHC_groove ... OK
Reading 6wl2_MHC_groove ... SKIPPED (not in helix CSV)
Reading 6wl3_MHC_groove ... SKIPPED (not in helix CSV)
Reading 6wl4_MHC_groove ... SKIPPED (not in helix CSV)
Reading 6wna_MHC_groove ... OK
Reading 6wol_MHC_groove ... OK
Reading 6wzy_MHC_groove ... SKIPPED (not in helix CSV)
Reading 6x00_MHC_groove ... SKIPPED (not in helix CSV)
Reading 6xng_MHC_groove ... SKIPPED (not in helix CSV)
Reading 6xqa_MHC_groove ... OK
Reading 6xqp_MHC_groove ... OK
Reading 6y26_MHC_groove ... OK
Reading 6y27_MHC_groove ... OK
Reading 6y28_MHC_groove ... OK
Reading 6y29_MHC_groove ... OK
Reading 6y2a_MHC_groove ... OK
Reading 6y2b_MHC_groove ... OK
Reading 6z9v_MHC_groove ... OK
Reading 6z9w_MHC_groove ... OK
Reading 6z9x_MHC_groove ... OK
Reading 6zkw_MHC_groove ... OK
Reading 6zkx_MHC_groove ... OK
Reading 6zky_MHC_groove ... OK
Reading 6zkz_MHC_groove ... OK
Reading 7alo_MHC_groove ... OK
Reading 7b5f_MHC_groove ... OK
Reading 7bbg_MHC_groove ... OK
Reading 7bh8_MHC_groove ... OK
Reading 7byd_MHC_groove ... SKIPPED (not in helix CSV)
Reading 7c9v_MHC_groove ... OK
Reading 7ciq_MHC_groove ... OK
Reading 7cir_MHC_groove ... OK
Reading 7cis_MHC_groove ... OK
Reading 7cjq_MHC_groove ... SKIPPED (not in helix CSV)
Reading 7cpo_MHC_groove ... SKIPPED (not in helix CSV)
Reading 7dc6_MHC_groove ... SKIPPED (not in helix CSV)
Reading 7duu_MHC_groove ... OK
Reading 7dyn_MHC_groove ... OK
Reading 7dzm_MHC_groove ... OK
Reading 7dzn_MHC_groove ... OK
Reading 7edo_MHC_groove ... SKIPPED (not in helix CSV)
Reading 7ejl_MHC_groove ... OK
Reading 7ejm_MHC_groove ... OK
Reading 7ejn_MHC_groove ... OK
Reading 7em9_MHC_groove ... SKIPPED (not in helix CSV)
Reading 7ema_MHC_groove ... SKIPPED (not in helix CSV)
Reading 7emb_MHC_groove ... SKIPPED (not in helix CSV)
Reading 7emc_MHC_groove ... SKIPPED (not in helix CSV)
Reading 7emd_MHC_groove ... SKIPPED (not in helix CSV)
Reading 7eu2_MHC_groove ... OK
Reading 7f4w_MHC_groove ... OK
Reading 7fi5_MHC_groove ... OK
Reading 7fi6_MHC_groove ... OK
Reading 7fi7_MHC_groove ... OK
Reading 7fi8_MHC_groove ... OK
Reading 7fi9_MHC_groove ... OK
Reading 7ji2_MHC_groove ... SKIPPED (not in helix CSV)
Reading 7jwi_MHC_groove ... SKIPPED (not in helix CSV)
Reading 7jwj_MHC_groove ... SKIPPED (not in helix CSV)
Reading 7jyu_MHC_groove ... OK
Reading 7jyv_MHC_groove ... OK
Reading 7jyw_MHC_groove ... OK
Reading 7jyx_MHC_groove ... OK
Reading 7k80_MHC_groove ... OK
Reading 7k81_MHC_groove ... OK
Reading 7kgo_MHC_groove ... OK
Reading 7kgp_MHC_groove ... OK
Reading 7kgq_MHC_groove ... OK
Reading 7kgr_MHC_groove ... OK
Reading 7kgs_MHC_groove ... OK
Reading 7kgt_MHC_groove ... OK
Reading 7koz_MHC_groove ... OK
Reading 7kp0_MHC_groove ... OK
Reading 7kp1_MHC_groove ... OK
Reading 7l1b_MHC_groove ... OK
Reading 7l1c_MHC_groove ... OK
Reading 7l1d_MHC_groove ... OK
Reading 7lfi_MHC_groove ... SKIPPED (not in helix CSV)
Reading 7lfj_MHC_groove ... SKIPPED (not in helix CSV)
Reading 7lfk_MHC_groove ... SKIPPED (not in helix CSV)
Reading 7lfl_MHC_groove ... SKIPPED (not in helix CSV)
Reading 7lfm_MHC_groove ... SKIPPED (not in helix CSV)
Reading 7lfz_MHC_groove ... OK
Reading 7lg0_MHC_groove ... OK
Reading 7lg2_MHC_groove ... OK
Reading 7lg3_MHC_groove ... OK
Reading 7lgd_MHC_groove ... OK
Reading 7lgt_MHC_groove ... OK
Reading 7lli_MHC_groove ... OK
Reading 7llj_MHC_groove ... OK
Reading 7m72_MHC_groove ... SKIPPED (not in helix CSV)
Reading 7m8s_MHC_groove ... OK
Reading 7m8t_MHC_groove ... OK
Reading 7m8u_MHC_groove ... OK
Reading 7mj6_MHC_groove ... OK
Reading 7mj7_MHC_groove ... OK
Reading 7mj8_MHC_groove ... OK
Reading 7mj9_MHC_groove ... OK
Reading 7mja_MHC_groove ... OK
Reading 7mkb_MHC_groove ... OK
Reading 7mle_MHC_groove ... OK
Reading 7mx4_MHC_groove ... OK
Reading 7mxf_MHC_groove ... OK
Reading 7mxh_MHC_groove ... OK
Reading 7n1a_MHC_groove ... OK
Reading 7n1b_MHC_groove ... OK
Reading 7n1e_MHC_groove ... OK
Reading 7n1f_MHC_groove ... OK
Reading 7n2n_MHC_groove ... OK
Reading 7n2o_MHC_groove ... OK
Reading 7n2p_MHC_groove ... OK
Reading 7n2q_MHC_groove ... OK
Reading 7n2r_MHC_groove ... OK
Reading 7n2s_MHC_groove ... OK
Reading 7n4k_MHC_groove ... SKIPPED (not in helix CSV)
Reading 7n5c_MHC_groove ... SKIPPED (not in helix CSV)
Reading 7n5p_MHC_groove ... SKIPPED (not in helix CSV)
Reading 7n5q_MHC_groove ... SKIPPED (not in helix CSV)
Reading 7n6d_MHC_groove ... OK
Reading 7n6e_MHC_groove ... OK
Reading 7n9j_MHC_groove ... SKIPPED (not in helix CSV)
Reading 7na5_MHC_groove ... SKIPPED (not in helix CSV)
Reading 7ndq_MHC_groove ... OK
Reading 7ndt_MHC_groove ... OK
Reading 7ndu_MHC_groove ... OK
Reading 7nmd_MHC_groove ... OK
Reading 7nme_MHC_groove ... OK
Reading 7nmf_MHC_groove ... OK
Reading 7nmg_MHC_groove ... OK
Reading 7nui_MHC_groove ... OK
Reading 7oks_MHC_groove ... OK
Reading 7okt_MHC_groove ... OK
Reading 7oku_MHC_groove ... OK
Reading 7okv_MHC_groove ... OK
Reading 7ow3_MHC_groove ... OK
Reading 7ow4_MHC_groove ... OK
Reading 7ow5_MHC_groove ... OK
Reading 7ow6_MHC_groove ... OK
Reading 7p0a_MHC_groove ... SKIPPED (not in helix CSV)
Reading 7p0t_MHC_groove ... SKIPPED (not in helix CSV)
Reading 7p3d_MHC_groove ... OK
Reading 7p3e_MHC_groove ... OK
Reading 7p49_MHC_groove ... OK
Reading 7p4b_MHC_groove ... OK
Reading 7pb2_MHC_groove ... OK
Reading 7pbc_MHC_groove ... OK
Reading 7pbe_MHC_groove ... OK
Reading 7pdw_MHC_groove ... OK
Reading 7phr_MHC_groove ... OK
Reading 7q15_MHC_groove ... OK
Reading 7q5d_MHC_groove ... OK
Reading 7q98_MHC_groove ... OK
Reading 7q99_MHC_groove ... OK
Reading 7q9a_MHC_groove ... OK
Reading 7q9b_MHC_groove ... OK
Reading 7qng_MHC_groove ... SKIPPED (not in helix CSV)
Reading 7qpd_MHC_groove ... OK
Reading 7qpj_MHC_groove ... OK
Reading 7r7v_MHC_groove ... OK
Reading 7r7w_MHC_groove ... OK
Reading 7r7x_MHC_groove ... OK
Reading 7r7y_MHC_groove ... OK
Reading 7r80_MHC_groove ... OK
Reading 7re7_MHC_groove ... OK
Reading 7re8_MHC_groove ... OK
Reading 7rk7_MHC_groove ... OK
Reading 7rm4_MHC_groove ... OK
Reading 7rno_MHC_groove ... OK
Reading 7rrg_MHC_groove ... OK
Reading 7rtd_MHC_groove ... OK
Reading 7rtr_MHC_groove ... OK
Reading 7rym_MHC_groove ... OK
Reading 7ryn_MHC_groove ... OK
Reading 7ryo_MHC_groove ... OK
Reading 7rzd_MHC_groove ... OK
Reading 7rzj_MHC_groove ... OK
Reading 7s79_MHC_groove ... OK
Reading 7s7d_MHC_groove ... OK
Reading 7s7e_MHC_groove ... OK
Reading 7s7f_MHC_groove ... OK
Reading 7s8a_MHC_groove ... OK
Reading 7s8e_MHC_groove ... OK
Reading 7s8f_MHC_groove ... OK
Reading 7s8q_MHC_groove ... OK
Reading 7s8r_MHC_groove ... OK
Reading 7s8s_MHC_groove ... OK
Reading 7sa2_MHC_groove ... OK
Reading 7sh4_MHC_groove ... OK
Reading 7sif_MHC_groove ... OK
Reading 7sig_MHC_groove ... OK
Reading 7sih_MHC_groove ... OK
Reading 7sis_MHC_groove ... OK
Reading 7sqp_MHC_groove ... OK
Reading 7sr0_MHC_groove ... OK
Reading 7sr3_MHC_groove ... OK
Reading 7sr4_MHC_groove ... OK
Reading 7sr5_MHC_groove ... OK
Reading 7srk_MHC_groove ... OK
Reading 7ssh_MHC_groove ... OK
Reading 7st3_MHC_groove ... OK
Reading 7stf_MHC_groove ... OK
Reading 7stg_MHC_groove ... OK
Reading 7su9_MHC_groove ... OK
Reading 7t0l_MHC_groove ... OK
Reading 7t5m_MHC_groove ... OK
Reading 7tlt_MHC_groove ... OK
Reading 7tr4_MHC_groove ... OK
Reading 7tuc_MHC_groove ... OK
Reading 7tud_MHC_groove ... OK
Reading 7tue_MHC_groove ... OK
Reading 7u1r_MHC_groove ... OK
Reading 7u21_MHC_groove ... OK
Reading 7uc5_MHC_groove ... OK
Reading 7ufj_MHC_groove ... OK
Reading 7um2_MHC_groove ... OK
Reading 7umg_MHC_groove ... OK
Reading 7ur1_MHC_groove ... OK
Reading 7wbg_MHC_groove ... SKIPPED (not in helix CSV)
Reading 7wbi_MHC_groove ... SKIPPED (not in helix CSV)
Reading 7wcy_MHC_groove ... SKIPPED (not in helix CSV)
Reading 7wj2_MHC_groove ... OK
Reading 7wj3_MHC_groove ... OK
Reading 7wkj_MHC_groove ... OK
Reading 7wt3_MHC_groove ... OK
Reading 7wt4_MHC_groove ... OK
Reading 7wt5_MHC_groove ... OK
Reading 7wzz_MHC_groove ... OK
Reading 7x00_MHC_groove ... OK
Reading 7x1b_MHC_groove ... OK
Reading 7x1c_MHC_groove ... OK
Reading 7xf3_MHC_groove ... OK
Reading 7xqs_MHC_groove ... SKIPPED (not in helix CSV)
Reading 7xqt_MHC_groove ... SKIPPED (not in helix CSV)
Reading 7xqu_MHC_groove ... SKIPPED (not in helix CSV)
Reading 7xxa_MHC_groove ... OK
Reading 7yg3_MHC_groove ... OK
Reading 7zqi_MHC_groove ... SKIPPED (not in helix CSV)
Reading 7zqj_MHC_groove ... SKIPPED (not in helix CSV)
Reading 7zt2_MHC_groove ... OK
Reading 7zt3_MHC_groove ... OK
Reading 7zt4_MHC_groove ... OK
Reading 7zt5_MHC_groove ... OK
Reading 7zt7_MHC_groove ... OK
Reading 7zt8_MHC_groove ... OK
Reading 7zt9_MHC_groove ... OK
Reading 7zuc_MHC_groove ... OK
Reading 8bp6_MHC_groove ... OK
Reading 8c44_MHC_groove ... OK
Reading 8cx4_MHC_groove ... OK
Reading 8d5e_MHC_groove ... SKIPPED (not in helix CSV)
Reading 8d5f_MHC_groove ... SKIPPED (not in helix CSV)
Reading 8d5j_MHC_groove ... SKIPPED (not in helix CSV)
Reading 8d5k_MHC_groove ... SKIPPED (not in helix CSV)
Reading 8d5n_MHC_groove ... SKIPPED (not in helix CSV)
Reading 8d5q_MHC_groove ... SKIPPED (not in helix CSV)
Reading 8dnt_MHC_groove ... OK
Reading 8dv3_MHC_groove ... OK
Reading 8dv4_MHC_groove ... OK
Reading 8dvg_MHC_groove ... OK
Reading 8e13_MHC_groove ... OK
Reading 8e2z_MHC_groove ... OK
Reading 8e8i_MHC_groove ... OK
Reading 8eb2_MHC_groove ... OK
Reading 8ec5_MHC_groove ... OK
Reading 8ek5_MHC_groove ... OK
Reading 8elg_MHC_groove ... OK
Reading 8elh_MHC_groove ... OK
Reading 8emf_MHC_groove ... OK
Reading 8emg_MHC_groove ... OK
Reading 8emi_MHC_groove ... OK
Reading 8emj_MHC_groove ... OK
Reading 8emk_MHC_groove ... OK
Reading 8en8_MHC_groove ... OK
Reading 8enh_MHC_groove ... OK
Reading 8eo8_MHC_groove ... OK
Reading 8erx_MHC_groove ... OK
Reading 8es8_MHC_groove ... OK
Reading 8es9_MHC_groove ... OK
Reading 8esa_MHC_groove ... OK
Reading 8esb_MHC_groove ... OK
Reading 8esh_MHC_groove ... OK
Reading 8f5a_MHC_groove ... OK
Reading 8f7m_MHC_groove ... OK
Reading 8fhl_MHC_groove ... SKIPPED (not in helix CSV)
Reading 8fhu_MHC_groove ... SKIPPED (not in helix CSV)
Reading 8fja_MHC_groove ... OK
Reading 8fjb_MHC_groove ... OK
Reading 8frt_MHC_groove ... OK
Reading 8fu4_MHC_groove ... OK
Reading 8gle_MHC_groove ... OK
Reading 8glf_MHC_groove ... OK
Reading 8glg_MHC_groove ... OK
Reading 8glh_MHC_groove ... OK
Reading 8gli_MHC_groove ... OK
Reading 8gm8_MHC_groove ... SKIPPED (not in helix CSV)
Reading 8gom_MHC_groove ... OK
Reading 8gon_MHC_groove ... OK
Reading 8gqv_MHC_groove ... SKIPPED (not in helix CSV)
Reading 8gqw_MHC_groove ... SKIPPED (not in helix CSV)
Reading 8gvb_MHC_groove ... OK
Reading 8gvg_MHC_groove ... OK
Reading 8gvi_MHC_groove ... OK
Reading 8hn4_MHC_groove ... OK
Reading 8hsm_MHC_groove ... SKIPPED (not in helix CSV)
Reading 8hso_MHC_groove ... SKIPPED (not in helix CSV)
Reading 8hsw_MHC_groove ... SKIPPED (not in helix CSV)
Reading 8ht1_MHC_groove ... SKIPPED (not in helix CSV)
Reading 8ht9_MHC_groove ... SKIPPED (not in helix CSV)
Reading 8i5c_MHC_groove ... OK
Reading 8i5d_MHC_groove ... OK
Reading 8i5e_MHC_groove ... OK
Reading 8isn_MHC_groove ... OK
Reading 8j4g_MHC_groove ... SKIPPED (not in helix CSV)
Reading 8jhv_MHC_groove ... SKIPPED (not in helix CSV)
Reading 8jhw_MHC_groove ... SKIPPED (not in helix CSV)
Reading 8jqt_MHC_groove ... SKIPPED (not in helix CSV)
Reading 8jv0_MHC_groove ... SKIPPED (not in helix CSV)
Reading 8kb0_MHC_groove ... SKIPPED (not in helix CSV)
Reading 8kb1_MHC_groove ... SKIPPED (not in helix CSV)
Reading 8kcv_MHC_groove ... SKIPPED (not in helix CSV)
Reading 8p43_MHC_groove ... SKIPPED (not in helix CSV)
Reading 8qfy_MHC_groove ... OK
Reading 8rbu_MHC_groove ... OK
Reading 8rbv_MHC_groove ... OK
Reading 8rcv_MHC_groove ... OK
Reading 8ref_MHC_groove ... OK
Reading 8rh6_MHC_groove ... OK
Reading 8rhq_MHC_groove ... OK
Reading 8rj5_MHC_groove ... OK
Reading 8rjh_MHC_groove ... OK
Reading 8rji_MHC_groove ... OK
Reading 8rlt_MHC_groove ... OK
Reading 8rlu_MHC_groove ... OK
Reading 8rlv_MHC_groove ... OK
Reading 8rne_MHC_groove ... OK
Reading 8rnf_MHC_groove ... OK
Reading 8rng_MHC_groove ... OK
Reading 8rnh_MHC_groove ... OK
Reading 8roo_MHC_groove ... OK
Reading 8rop_MHC_groove ... OK
Reading 8rro_MHC_groove ... OK
Reading 8rym_MHC_groove ... OK
Reading 8ryn_MHC_groove ... OK
Reading 8ryo_MHC_groove ... OK
Reading 8ryp_MHC_groove ... OK
Reading 8ryq_MHC_groove ... OK
Reading 8sbk_MHC_groove ... OK
Reading 8sbl_MHC_groove ... OK
Reading 8sgb_MHC_groove ... OK
Reading 8sgm_MHC_groove ... OK
Reading 8shi_MHC_groove ... OK
Reading 8sos_MHC_groove ... OK
Reading 8t4z_MHC_groove ... SKIPPED (not in helix CSV)
Reading 8t6m_MHC_groove ... OK
Reading 8t7r_MHC_groove ... OK
Reading 8tbv_MHC_groove ... OK
Reading 8tbw_MHC_groove ... OK
Reading 8tlz_MHC_groove ... OK
Reading 8tm0_MHC_groove ... OK
Reading 8tm2_MHC_groove ... OK
Reading 8tmu_MHC_groove ... OK
Reading 8tnj_MHC_groove ... OK
Reading 8tq7_MHC_groove ... SKIPPED (not in helix CSV)
Reading 8tq8_MHC_groove ... SKIPPED (not in helix CSV)
Reading 8tq9_MHC_groove ... SKIPPED (not in helix CSV)
Reading 8tqa_MHC_groove ... SKIPPED (not in helix CSV)
Reading 8tub_MHC_groove ... OK
Reading 8tuh_MHC_groove ... OK
Reading 8u9g_MHC_groove ... OK
Reading 8udr_MHC_groove ... OK
Reading 8umo_MHC_groove ... SKIPPED (not in helix CSV)
Reading 8v4z_MHC_groove ... OK
Reading 8v50_MHC_groove ... OK
Reading 8v51_MHC_groove ... OK
Reading 8vcl_MHC_groove ... OK
Reading 8vjz_MHC_groove ... OK
Reading 8vr9_MHC_groove ... OK
Reading 8vra_MHC_groove ... OK
Reading 8vrb_MHC_groove ... OK
Reading 8vz8_MHC_groove ... SKIPPED (not in helix CSV)
Reading 8vz9_MHC_groove ... SKIPPED (not in helix CSV)
Reading 8w6l_MHC_groove ... SKIPPED (not in helix CSV)
Reading 8wo9_MHC_groove ... SKIPPED (not in helix CSV)
Reading 8wte_MHC_groove ... OK
Reading 8wul_MHC_groove ... OK
Reading 8xes_MHC_groove ... OK
Reading 8xfz_MHC_groove ... OK
Reading 8xg2_MHC_groove ... OK
Reading 8xkc_MHC_groove ... OK
Reading 8xke_MHC_groove ... OK
Reading 8y6x_MHC_groove ... OK
Reading 8y74_MHC_groove ... SKIPPED (not in helix CSV)
Reading 8ye4_MHC_groove ... OK
Reading 8yiv_MHC_groove ... OK
Reading 8yj2_MHC_groove ... OK
Reading 8zox_MHC_groove ... OK
Reading 8zv9_MHC_groove ... OK
Reading 9asf_MHC_groove ... OK
Reading 9asg_MHC_groove ... OK
Reading 9bl2_MHC_groove ... OK
Reading 9bl3_MHC_groove ... OK
Reading 9bl4_MHC_groove ... OK
Reading 9bl5_MHC_groove ... OK
Reading 9bl6_MHC_groove ... OK
Reading 9bl9_MHC_groove ... OK
Reading 9bla_MHC_groove ... OK
Reading 9btx_MHC_groove ... OK
Reading 9bty_MHC_groove ... OK
Reading 9btz_MHC_groove ... OK
Reading 9bu0_MHC_groove ... OK
Reading 9c3e_MHC_groove ... OK
Reading 9c6v_MHC_groove ... OK
Reading 9c6w_MHC_groove ... OK
Reading 9c6x_MHC_groove ... OK
Reading 9cgr_MHC_groove ... OK
Reading 9cgs_MHC_groove ... SKIPPED (not in helix CSV)
Reading 9dl1_MHC_groove ... OK

Results written to helix_res_statistics_class.txt
