Reading AF-A0A060CZ20_trimmed_mhc ... SKIPPED (not in helix CSV)
Reading AF-A0A060ILJ5_trimmed_mhc ... SKIPPED (not in helix CSV)
Reading AF-A0A090KFS3_trimmed_mhc ... SKIPPED (not in helix CSV)
Reading AF-A0A097ZQV5_trimmed_mhc ... SKIPPED (not in helix CSV)
Reading AF-A0A0A8LC14_trimmed_mhc ... SKIPPED (not in helix CSV)
Reading AF-A0A0A8LDV2_trimmed_mhc ... SKIPPED (not in helix CSV)
Reading AF-A0A0B7MGD5_trimmed_mhc ... SKIPPED (not in helix CSV)
Reading AF-A0A0B7MH39_trimmed_mhc ... SKIPPED (not in helix CSV)
Reading AF-A0A0D4CZE3_trimmed_mhc ... SKIPPED (not in helix CSV)
Reading AF-A0A0F6TL23_trimmed_mhc ... SKIPPED (not in helix CSV)
Reading AF-A0A0G2JH50_trimmed_mhc ... SKIPPED (not in helix CSV)
Reading AF-A0A0G2JH58_trimmed_mhc ... SKIPPED (not in helix CSV)
Reading AF-A0A0G2JH66_trimmed_mhc ... SKIPPED (not in helix CSV)
Reading AF-A0A0G2JI36_trimmed_mhc ... SKIPPED (not in helix CSV)
Reading AF-A0A0G2JIF0_trimmed_mhc ... SKIPPED (not in helix CSV)
Reading AF-A0A0G2JIF2_trimmed_mhc ... SKIPPED (not in helix CSV)
Reading AF-A0A0G2JL56_trimmed_mhc ... SKIPPED (not in helix CSV)
Reading AF-A0A0G2JNV5_trimmed_mhc ... SKIPPED (not in helix CSV)
Reading AF-A0A0G2JNX1_trimmed_mhc ... SKIPPED (not in helix CSV)
Reading AF-A0A0G2JPA3_trimmed_mhc ... SKIPPED (not in helix CSV)
Reading AF-A0A0G2JPD3_trimmed_mhc ... SKIPPED (not in helix CSV)
Reading AF-A0A0G2JPQ3_trimmed_mhc ... SKIPPED (not in helix CSV)
Reading AF-A0A0H3W548_trimmed_mhc ... SKIPPED (not in helix CSV)
Reading AF-A0A109QAI7_trimmed_mhc ... SKIPPED (not in helix CSV)
Reading AF-A0A140T8W8_trimmed_mhc ... SKIPPED (not in helix CSV)
Reading AF-A0A140T8X0_trimmed_mhc ... SKIPPED (not in helix CSV)
Reading AF-A0A140T8Y4_trimmed_mhc ... SKIPPED (not in helix CSV)
Reading AF-A0A140T912_trimmed_mhc ... SKIPPED (not in helix CSV)
Reading AF-A0A140T913_trimmed_mhc ... SKIPPED (not in helix CSV)
Reading AF-A0A140T921_trimmed_mhc ... SKIPPED (not in helix CSV)
Reading AF-A0A140T930_trimmed_mhc ... SKIPPED (not in helix CSV)
Reading AF-A0A140T937_trimmed_mhc ... SKIPPED (not in helix CSV)
Reading AF-A0A140T941_trimmed_mhc ... SKIPPED (not in helix CSV)
Reading AF-A0A140T953_trimmed_mhc ... SKIPPED (not in helix CSV)
Reading AF-A0A140T955_trimmed_mhc ... SKIPPED (not in helix CSV)
Reading AF-A0A140T962_trimmed_mhc ... SKIPPED (not in helix CSV)
Reading AF-A0A140T975_trimmed_mhc ... SKIPPED (not in helix CSV)
Reading AF-A0A140T997_trimmed_mhc ... SKIPPED (not in helix CSV)
Reading AF-A0A140T9B3_trimmed_mhc ... SKIPPED (not in helix CSV)
Reading AF-A0A140T9B7_trimmed_mhc ... SKIPPED (not in helix CSV)
Reading AF-A0A140T9D4_trimmed_mhc ... SKIPPED (not in helix CSV)
Reading AF-A0A140T9H5_trimmed_mhc ... SKIPPED (not in helix CSV)
Reading AF-A0A140T9J8_trimmed_mhc ... SKIPPED (not in helix CSV)
Reading AF-A0A140T9J9_trimmed_mhc ... SKIPPED (not in helix CSV)
Reading AF-A0A140T9M0_trimmed_mhc ... SKIPPED (not in helix CSV)
Reading AF-A0A140T9M6_trimmed_mhc ... SKIPPED (not in helix CSV)
Reading AF-A0A140T9U0_trimmed_mhc ... SKIPPED (not in helix CSV)
Reading AF-A0A140T9U8_trimmed_mhc ... SKIPPED (not in helix CSV)
Reading AF-A0A140T9V0_trimmed_mhc ... SKIPPED (not in helix CSV)
Reading AF-A0A140T9W2_trimmed_mhc ... SKIPPED (not in helix CSV)
Reading AF-A0A140T9Y5_trimmed_mhc ... SKIPPED (not in helix CSV)
Reading AF-A0A140T9Z6_trimmed_mhc ... SKIPPED (not in helix CSV)
Reading AF-A0A140TA02_trimmed_mhc ... SKIPPED (not in helix CSV)
Reading AF-A0A140TA05_trimmed_mhc ... SKIPPED (not in helix CSV)
Reading AF-A0A140TA11_trimmed_mhc ... SKIPPED (not in helix CSV)
Reading AF-A0A140TA13_trimmed_mhc ... SKIPPED (not in helix CSV)
Reading AF-A0A140TA14_trimmed_mhc ... SKIPPED (not in helix CSV)
Reading AF-A0A140TA19_trimmed_mhc ... SKIPPED (not in helix CSV)
Reading AF-A0A140TA21_trimmed_mhc ... SKIPPED (not in helix CSV)
Reading AF-A0A141MJG6_trimmed_mhc ... SKIPPED (not in helix CSV)
Reading AF-A0A141MJG7_trimmed_mhc ... SKIPPED (not in helix CSV)
Reading AF-A0A142J247_trimmed_mhc ... SKIPPED (not in helix CSV)
Reading AF-A0A142J256_trimmed_mhc ... SKIPPED (not in helix CSV)
Reading AF-A0A142J2H0_trimmed_mhc ... SKIPPED (not in helix CSV)
Reading AF-A0A142J2H2_trimmed_mhc ... SKIPPED (not in helix CSV)
Reading AF-A0A142JA41_trimmed_mhc ... SKIPPED (not in helix CSV)
Reading AF-A0A143Y4R2_trimmed_mhc ... SKIPPED (not in helix CSV)
Reading AF-A0A173AD40_trimmed_mhc ... SKIPPED (not in helix CSV)
Reading AF-A0A173AD52_trimmed_mhc ... SKIPPED (not in helix CSV)
Reading AF-A0A173AD94_trimmed_mhc ... SKIPPED (not in helix CSV)
Reading AF-A0A173AD95_trimmed_mhc ... SKIPPED (not in helix CSV)
Reading AF-A0A173ADA9_trimmed_mhc ... SKIPPED (not in helix CSV)
Reading AF-A0A173ADB5_trimmed_mhc ... SKIPPED (not in helix CSV)
Reading AF-A0A173ADK6_trimmed_mhc ... SKIPPED (not in helix CSV)
Reading AF-A0A1B0UGR9_trimmed_mhc ... SKIPPED (not in helix CSV)
Reading AF-A0A1C3PHU5_trimmed_mhc ... SKIPPED (not in helix CSV)
Reading AF-A0A1G4HPV1_trimmed_mhc ... SKIPPED (not in helix CSV)
Reading AF-A0A1G4HPV3_trimmed_mhc ... SKIPPED (not in helix CSV)
Reading AF-A0A1G4HQ08_trimmed_mhc ... SKIPPED (not in helix CSV)
Reading AF-A0A1L2BLQ5_trimmed_mhc ... SKIPPED (not in helix CSV)
Reading AF-A0A1L2BLQ6_trimmed_mhc ... SKIPPED (not in helix CSV)
Reading AF-A0A1S7SKC8_trimmed_mhc ... SKIPPED (not in helix CSV)
Reading AF-A0A1V0E5B5_trimmed_mhc ... SKIPPED (not in helix CSV)
Reading AF-A0A1W1B5N8_trimmed_mhc ... SKIPPED (not in helix CSV)
Reading AF-A0A1W2PNR7_trimmed_mhc ... SKIPPED (not in helix CSV)
Reading AF-A0A1W2PP29_trimmed_mhc ... SKIPPED (not in helix CSV)
Reading AF-A0A1W2PPF8_trimmed_mhc ... SKIPPED (not in helix CSV)
Reading AF-A0A1W2PPN1_trimmed_mhc ... SKIPPED (not in helix CSV)
Reading AF-A0A1W2PPQ2_trimmed_mhc ... SKIPPED (not in helix CSV)
Reading AF-A0A1W2PQD0_trimmed_mhc ... SKIPPED (not in helix CSV)
Reading AF-A0A1W2PQS8_trimmed_mhc ... SKIPPED (not in helix CSV)
Reading AF-A0A1W2PR11_trimmed_mhc ... SKIPPED (not in helix CSV)
Reading AF-A0A1W2PR61_trimmed_mhc ... SKIPPED (not in helix CSV)
Reading AF-A0A1W2PRA6_trimmed_mhc ... SKIPPED (not in helix CSV)
Reading AF-A0A1W2PRT9_trimmed_mhc ... SKIPPED (not in helix CSV)
Reading AF-A0A1W2PRZ0_trimmed_mhc ... SKIPPED (not in helix CSV)
Reading AF-A0A1W2PS24_trimmed_mhc ... SKIPPED (not in helix CSV)
Reading AF-A0A1W2PS39_trimmed_mhc ... SKIPPED (not in helix CSV)
Reading AF-A0A1W2PSE7_trimmed_mhc ... SKIPPED (not in helix CSV)
Reading AF-A0A1Z2RTN8_trimmed_mhc ... SKIPPED (not in helix CSV)
Reading AF-A0A218MK64_trimmed_mhc ... SKIPPED (not in helix CSV)
Reading AF-A0A223FKV7_trimmed_mhc ... SKIPPED (not in helix CSV)
Reading AF-A0A223FKY8_trimmed_mhc ... SKIPPED (not in helix CSV)
Reading AF-A0A286LDA8_trimmed_mhc ... SKIPPED (not in helix CSV)
Reading AF-A0A2I8B374_trimmed_mhc ... SKIPPED (not in helix CSV)
Reading AF-A0A2I8B3D0_trimmed_mhc ... SKIPPED (not in helix CSV)
Reading AF-A0A2P9FID8_trimmed_mhc ... SKIPPED (not in helix CSV)
Reading AF-A0A2R7Z5J3_trimmed_mhc ... SKIPPED (not in helix CSV)
Reading AF-A0A2Z4LG68_trimmed_mhc ... SKIPPED (not in helix CSV)
Reading AF-A0A2Z4LG72_trimmed_mhc ... SKIPPED (not in helix CSV)
Reading AF-A0A2Z4LG78_trimmed_mhc ... SKIPPED (not in helix CSV)
Reading AF-A0A2Z4LI59_trimmed_mhc ... SKIPPED (not in helix CSV)
Reading AF-A0A346XQV8_trimmed_mhc ... SKIPPED (not in helix CSV)
Reading AF-A0A346XQW7_trimmed_mhc ... SKIPPED (not in helix CSV)
Reading AF-A0A387LBR7_trimmed_mhc ... SKIPPED (not in helix CSV)
Reading AF-A0A3G1VFM0_trimmed_mhc ... SKIPPED (not in helix CSV)
Reading AF-A0A3S6RFN3_trimmed_mhc ... SKIPPED (not in helix CSV)
Reading AF-A0A411J078_trimmed_mhc ... SKIPPED (not in helix CSV)
Reading AF-A0A499S0B6_trimmed_mhc ... SKIPPED (not in helix CSV)
Reading AF-A0A4D6NYZ2_trimmed_mhc ... SKIPPED (not in helix CSV)
Reading AF-A0A4D6P130_trimmed_mhc ... SKIPPED (not in helix CSV)
Reading AF-A0A4Y5ULJ4_trimmed_mhc ... SKIPPED (not in helix CSV)
Reading AF-A0A583ZAV6_trimmed_mhc ... SKIPPED (not in helix CSV)
Reading AF-A0A583ZAW0_trimmed_mhc ... SKIPPED (not in helix CSV)
Reading AF-A0A583ZAW4_trimmed_mhc ... SKIPPED (not in helix CSV)
Reading AF-A0A583ZAY5_trimmed_mhc ... SKIPPED (not in helix CSV)
Reading AF-A0A583ZB21_trimmed_mhc ... SKIPPED (not in helix CSV)
Reading AF-A0A583ZB23_trimmed_mhc ... SKIPPED (not in helix CSV)
Reading AF-A0A583ZB34_trimmed_mhc ... SKIPPED (not in helix CSV)
Reading AF-A0A583ZB50_trimmed_mhc ... SKIPPED (not in helix CSV)
Reading AF-A0A583ZB51_trimmed_mhc ... SKIPPED (not in helix CSV)
Reading AF-A0A583ZB52_trimmed_mhc ... SKIPPED (not in helix CSV)
Reading AF-A0A583ZB67_trimmed_mhc ... SKIPPED (not in helix CSV)
Reading AF-A0A583ZB79_trimmed_mhc ... SKIPPED (not in helix CSV)
Reading AF-A0A583ZB91_trimmed_mhc ... SKIPPED (not in helix CSV)
Reading AF-A0A583ZBA0_trimmed_mhc ... SKIPPED (not in helix CSV)
Reading AF-A0A583ZBA7_trimmed_mhc ... SKIPPED (not in helix CSV)
Reading AF-A0A583ZBB1_trimmed_mhc ... SKIPPED (not in helix CSV)
Reading AF-A0A583ZBC2_trimmed_mhc ... SKIPPED (not in helix CSV)
Reading AF-A0A583ZBC7_trimmed_mhc ... SKIPPED (not in helix CSV)
Reading AF-A0A583ZBD5_trimmed_mhc ... SKIPPED (not in helix CSV)
Reading AF-A0A583ZBD8_trimmed_mhc ... SKIPPED (not in helix CSV)
Reading AF-A0A583ZBE1_trimmed_mhc ... SKIPPED (not in helix CSV)
Reading AF-A0A583ZBE5_trimmed_mhc ... SKIPPED (not in helix CSV)
Reading AF-A0A583ZBE6_trimmed_mhc ... SKIPPED (not in helix CSV)
Reading AF-A0A583ZBE7_trimmed_mhc ... SKIPPED (not in helix CSV)
Reading AF-A0A583ZBF4_trimmed_mhc ... SKIPPED (not in helix CSV)
Reading AF-A0A583ZBJ9_trimmed_mhc ... SKIPPED (not in helix CSV)
Reading AF-A0A583ZBM5_trimmed_mhc ... SKIPPED (not in helix CSV)
Reading AF-A0A583ZBM7_trimmed_mhc ... SKIPPED (not in helix CSV)
Reading AF-A0A583ZBR5_trimmed_mhc ... SKIPPED (not in helix CSV)
Reading AF-A0A583ZBS2_trimmed_mhc ... SKIPPED (not in helix CSV)
Reading AF-A0A583ZBV1_trimmed_mhc ... SKIPPED (not in helix CSV)
Reading AF-A0A583ZBV7_trimmed_mhc ... SKIPPED (not in helix CSV)
Reading AF-A0A583ZBW0_trimmed_mhc ... SKIPPED (not in helix CSV)
Reading AF-A0A583ZBW2_trimmed_mhc ... SKIPPED (not in helix CSV)
Reading AF-A0A583ZBW3_trimmed_mhc ... SKIPPED (not in helix CSV)
Reading AF-A0A583ZBW7_trimmed_mhc ... SKIPPED (not in helix CSV)
Reading AF-A0A583ZBW8_trimmed_mhc ... SKIPPED (not in helix CSV)
Reading AF-A0A583ZBW9_trimmed_mhc ... SKIPPED (not in helix CSV)
Reading AF-A0A583ZBX0_trimmed_mhc ... SKIPPED (not in helix CSV)
Reading AF-A0A583ZBX2_trimmed_mhc ... SKIPPED (not in helix CSV)
Reading AF-A0A583ZC08_trimmed_mhc ... SKIPPED (not in helix CSV)
Reading AF-A0A583ZC09_trimmed_mhc ... SKIPPED (not in helix CSV)
Reading AF-A0A583ZC10_trimmed_mhc ... SKIPPED (not in helix CSV)
Reading AF-A0A583ZC12_trimmed_mhc ... SKIPPED (not in helix CSV)
Reading AF-A0A583ZC21_trimmed_mhc ... SKIPPED (not in helix CSV)
Reading AF-A0A583ZC24_trimmed_mhc ... SKIPPED (not in helix CSV)
Reading AF-A0A583ZC31_trimmed_mhc ... SKIPPED (not in helix CSV)
Reading AF-A0A5B8RNS7_trimmed_mhc ... SKIPPED (not in helix CSV)
Reading AF-A0A5C1JQH2_trimmed_mhc ... SKIPPED (not in helix CSV)
Reading AF-A0A5H2UEQ8_trimmed_mhc ... SKIPPED (not in helix CSV)
Reading AF-A0A5H2UI55_trimmed_mhc ... SKIPPED (not in helix CSV)
Reading AF-A0A5H2UTD7_trimmed_mhc ... SKIPPED (not in helix CSV)
Reading AF-A0A5H2UU57_trimmed_mhc ... SKIPPED (not in helix CSV)
Reading AF-A0A5H2UYS3_trimmed_mhc ... SKIPPED (not in helix CSV)
Reading AF-A0A5J6BVL6_trimmed_mhc ... SKIPPED (not in helix CSV)
Reading AF-A0A650CD04_trimmed_mhc ... SKIPPED (not in helix CSV)
Reading AF-A0A669KB34_trimmed_mhc ... SKIPPED (not in helix CSV)
Reading AF-A0A678ZGP6_trimmed_mhc ... SKIPPED (not in helix CSV)
Reading AF-A0A678ZMW1_trimmed_mhc ... SKIPPED (not in helix CSV)
Reading AF-A0A6B7FTL9_trimmed_mhc ... SKIPPED (not in helix CSV)
Reading AF-A0A6B7HFJ9_trimmed_mhc ... SKIPPED (not in helix CSV)
Reading AF-A0A6M6AMD7_trimmed_mhc ... SKIPPED (not in helix CSV)
Reading AF-A0A6M6CBR2_trimmed_mhc ... SKIPPED (not in helix CSV)
Reading AF-A0A6M6CC39_trimmed_mhc ... SKIPPED (not in helix CSV)
Reading AF-A0A6S7XV52_trimmed_mhc ... SKIPPED (not in helix CSV)
Reading AF-A0A7T3P0R0_trimmed_mhc ... SKIPPED (not in helix CSV)
Reading AF-A0A7T3RIT5_trimmed_mhc ... SKIPPED (not in helix CSV)
Reading AF-A0A858LG55_trimmed_mhc ... SKIPPED (not in helix CSV)
Reading AF-A0A858LJX3_trimmed_mhc ... SKIPPED (not in helix CSV)
Reading AF-A0A866VWG0_trimmed_mhc ... SKIPPED (not in helix CSV)
Reading AF-A0A866W1K1_trimmed_mhc ... SKIPPED (not in helix CSV)
Reading AF-A0A866W2K2_trimmed_mhc ... SKIPPED (not in helix CSV)
Reading AF-A0A866W2Z2_trimmed_mhc ... SKIPPED (not in helix CSV)
Reading AF-A0A866W398_trimmed_mhc ... SKIPPED (not in helix CSV)
Reading AF-A0A866W3D0_trimmed_mhc ... SKIPPED (not in helix CSV)
Reading AF-A0A866W3F9_trimmed_mhc ... SKIPPED (not in helix CSV)
Reading AF-A0A866W3Y5_trimmed_mhc ... SKIPPED (not in helix CSV)
Reading AF-A0A8C8PVM5_trimmed_mhc ... SKIPPED (not in helix CSV)
Reading AF-A0A8F4G6N8_trimmed_mhc ... SKIPPED (not in helix CSV)
Reading AF-A0A8F4G6Q4_trimmed_mhc ... SKIPPED (not in helix CSV)
Reading AF-A0A8F4G6R9_trimmed_mhc ... SKIPPED (not in helix CSV)
Reading AF-A0A8F4G6S3_trimmed_mhc ... SKIPPED (not in helix CSV)
Reading AF-A0A8F4G6S8_trimmed_mhc ... SKIPPED (not in helix CSV)
Reading AF-A0A8F4G8C0_trimmed_mhc ... SKIPPED (not in helix CSV)
Reading AF-A0A8F4G8D0_trimmed_mhc ... SKIPPED (not in helix CSV)
Reading AF-A0A8F4G8X1_trimmed_mhc ... SKIPPED (not in helix CSV)
Reading AF-A0A8F4G8Y5_trimmed_mhc ... SKIPPED (not in helix CSV)
Reading AF-A0A8F4G964_trimmed_mhc ... SKIPPED (not in helix CSV)
Reading AF-A0A8F4GAB3_trimmed_mhc ... SKIPPED (not in helix CSV)
Reading AF-A0A8F4GAB4_trimmed_mhc ... SKIPPED (not in helix CSV)
Reading AF-A0A8F4GAC3_trimmed_mhc ... SKIPPED (not in helix CSV)
Reading AF-A0A8F4GAC4_trimmed_mhc ... SKIPPED (not in helix CSV)
Reading AF-A0A8F4GAG1_trimmed_mhc ... SKIPPED (not in helix CSV)
Reading AF-A0A8F4GAH9_trimmed_mhc ... SKIPPED (not in helix CSV)
Reading AF-A0A8F4GDV6_trimmed_mhc ... SKIPPED (not in helix CSV)
Reading AF-A0A8F4GDW7_trimmed_mhc ... SKIPPED (not in helix CSV)
Reading AF-A0A8F4JD05_trimmed_mhc ... SKIPPED (not in helix CSV)
Reading AF-A0A8F4JDK3_trimmed_mhc ... SKIPPED (not in helix CSV)
Reading AF-A0A8F4JDT8_trimmed_mhc ... SKIPPED (not in helix CSV)
Reading AF-A0A8F4JDU3_trimmed_mhc ... SKIPPED (not in helix CSV)
Reading AF-A0A8F4JG78_trimmed_mhc ... SKIPPED (not in helix CSV)
Reading AF-A0A8F4JGX4_trimmed_mhc ... SKIPPED (not in helix CSV)
Reading AF-A0A8F4JGX9_trimmed_mhc ... SKIPPED (not in helix CSV)
Reading AF-A0A8Q3SIV3_trimmed_mhc ... SKIPPED (not in helix CSV)
Reading AF-A0A9L9PXF6_trimmed_mhc ... SKIPPED (not in helix CSV)
Reading AF-A0A9L9PXG1_trimmed_mhc ... SKIPPED (not in helix CSV)
Reading AF-A0A9L9PY26_trimmed_mhc ... SKIPPED (not in helix CSV)
Reading AF-A0A9L9PYF9_trimmed_mhc ... SKIPPED (not in helix CSV)
Reading AF-A0AAQ5BHK7_trimmed_mhc ... SKIPPED (not in helix CSV)
Reading AF-A0AAQ5BHL2_trimmed_mhc ... SKIPPED (not in helix CSV)
Reading AF-A0AAQ5BHM4_trimmed_mhc ... SKIPPED (not in helix CSV)
Reading AF-A0AAQ5BHP7_trimmed_mhc ... SKIPPED (not in helix CSV)
Reading AF-A0AAQ5BI30_trimmed_mhc ... SKIPPED (not in helix CSV)
Reading AF-A0AAT9FSN1_trimmed_mhc ... SKIPPED (not in helix CSV)
Reading AF-A0AAT9PAB7_trimmed_mhc ... SKIPPED (not in helix CSV)
Reading AF-A0AB38YL62_trimmed_mhc ... SKIPPED (not in helix CSV)
Reading AF-A2AEA2_trimmed_mhc ... SKIPPED (not in helix CSV)
Reading AF-A2BF26_trimmed_mhc ... SKIPPED (not in helix CSV)
Reading AF-A2RRL5_trimmed_mhc ... SKIPPED (not in helix CSV)
Reading AF-A3F718_trimmed_mhc ... SKIPPED (not in helix CSV)
Reading AF-A5CLI0_trimmed_mhc ... SKIPPED (not in helix CSV)
Reading AF-B0UXQ0_trimmed_mhc ... SKIPPED (not in helix CSV)
Reading AF-B5MAH4_trimmed_mhc ... SKIPPED (not in helix CSV)
Reading AF-B6ETN7_trimmed_mhc ... SKIPPED (not in helix CSV)
Reading AF-B8YBG3_trimmed_mhc ... SKIPPED (not in helix CSV)
Reading AF-C1K0Y0_trimmed_mhc ... SKIPPED (not in helix CSV)
Reading AF-C1K0Y1_trimmed_mhc ... SKIPPED (not in helix CSV)
Reading AF-C5IWX6_trimmed_mhc ... SKIPPED (not in helix CSV)
Reading AF-C5IWX9_trimmed_mhc ... SKIPPED (not in helix CSV)
Reading AF-C5IWY0_trimmed_mhc ... SKIPPED (not in helix CSV)
Reading AF-C5IWY6_trimmed_mhc ... SKIPPED (not in helix CSV)
Reading AF-C5IYE6_trimmed_mhc ... SKIPPED (not in helix CSV)
Reading AF-C5IYE7_trimmed_mhc ... SKIPPED (not in helix CSV)
Reading AF-C5IYE8_trimmed_mhc ... SKIPPED (not in helix CSV)
Reading AF-C5J3Z8_trimmed_mhc ... SKIPPED (not in helix CSV)
Reading AF-C5J3Z9_trimmed_mhc ... SKIPPED (not in helix CSV)
Reading AF-C5J403_trimmed_mhc ... SKIPPED (not in helix CSV)
Reading AF-C5MK49_trimmed_mhc ... SKIPPED (not in helix CSV)
Reading AF-C5MK52_trimmed_mhc ... SKIPPED (not in helix CSV)
Reading AF-C5MK53_trimmed_mhc ... SKIPPED (not in helix CSV)
Reading AF-C5MK54_trimmed_mhc ... SKIPPED (not in helix CSV)
Reading AF-C5MK56_trimmed_mhc ... SKIPPED (not in helix CSV)
Reading AF-C5NT78_trimmed_mhc ... SKIPPED (not in helix CSV)
Reading AF-C6K6H4_trimmed_mhc ... SKIPPED (not in helix CSV)
Reading AF-C6K6H6_trimmed_mhc ... SKIPPED (not in helix CSV)
Reading AF-C6K6H9_trimmed_mhc ... SKIPPED (not in helix CSV)
Reading AF-C6K6I7_trimmed_mhc ... SKIPPED (not in helix CSV)
Reading AF-C6K6J0_trimmed_mhc ... SKIPPED (not in helix CSV)
Reading AF-C6K6J1_trimmed_mhc ... SKIPPED (not in helix CSV)
Reading AF-C6K6J4_trimmed_mhc ... SKIPPED (not in helix CSV)
Reading AF-C9E8V1_trimmed_mhc ... SKIPPED (not in helix CSV)
Reading AF-C9E8V9_trimmed_mhc ... SKIPPED (not in helix CSV)
Reading AF-C9E8W1_trimmed_mhc ... SKIPPED (not in helix CSV)
Reading AF-C9JAK3_trimmed_mhc ... SKIPPED (not in helix CSV)
Reading AF-C9JEV0_trimmed_mhc ... SKIPPED (not in helix CSV)
Reading AF-D0EV57_trimmed_mhc ... SKIPPED (not in helix CSV)
Reading AF-D0V0C4_trimmed_mhc ... SKIPPED (not in helix CSV)
Reading AF-D2KNA0_trimmed_mhc ... SKIPPED (not in helix CSV)
Reading AF-D2KZ37_trimmed_mhc ... SKIPPED (not in helix CSV)
Reading AF-D2U832_trimmed_mhc ... SKIPPED (not in helix CSV)
Reading AF-D5H3J5_trimmed_mhc ... SKIPPED (not in helix CSV)
Reading AF-D5L9K0_trimmed_mhc ... SKIPPED (not in helix CSV)
Reading AF-D9J307_trimmed_mhc ... SKIPPED (not in helix CSV)
Reading AF-D9UAY1_trimmed_mhc ... SKIPPED (not in helix CSV)
Reading AF-E3UN97_trimmed_mhc ... SKIPPED (not in helix CSV)
Reading AF-E5FQ47_trimmed_mhc ... SKIPPED (not in helix CSV)
Reading AF-E7CRN8_trimmed_mhc ... SKIPPED (not in helix CSV)
Reading AF-E7CRP1_trimmed_mhc ... SKIPPED (not in helix CSV)
Reading AF-E7CZN2_trimmed_mhc ... SKIPPED (not in helix CSV)
Reading AF-E7CZN3_trimmed_mhc ... SKIPPED (not in helix CSV)
Reading AF-F4NBP7_trimmed_mhc ... SKIPPED (not in helix CSV)
Reading AF-F4NBQ1_trimmed_mhc ... SKIPPED (not in helix CSV)
Reading AF-F4NBQ8_trimmed_mhc ... SKIPPED (not in helix CSV)
Reading AF-F4NBT2_trimmed_mhc ... SKIPPED (not in helix CSV)
Reading AF-F4NC28_trimmed_mhc ... SKIPPED (not in helix CSV)
Reading AF-F5H7Q8_trimmed_mhc ... SKIPPED (not in helix CSV)
Reading AF-F6IQA6_trimmed_mhc ... SKIPPED (not in helix CSV)
Reading AF-F6IQM2_trimmed_mhc ... SKIPPED (not in helix CSV)
Reading AF-F6IQR9_trimmed_mhc ... SKIPPED (not in helix CSV)
Reading AF-F6IQS1_trimmed_mhc ... SKIPPED (not in helix CSV)
Reading AF-F6IQY1_trimmed_mhc ... SKIPPED (not in helix CSV)
Reading AF-F6IQZ4_trimmed_mhc ... SKIPPED (not in helix CSV)
Reading AF-F6IR24_trimmed_mhc ... SKIPPED (not in helix CSV)
Reading AF-F8W7W8_trimmed_mhc ... SKIPPED (not in helix CSV)
Reading AF-G0M6G4_trimmed_mhc ... SKIPPED (not in helix CSV)
Reading AF-H6SI89_trimmed_mhc ... SKIPPED (not in helix CSV)
Reading AF-H6VGI9_trimmed_mhc ... SKIPPED (not in helix CSV)
Reading AF-H7C4K4_trimmed_mhc ... SKIPPED (not in helix CSV)
Reading AF-H9BNV4_trimmed_mhc ... SKIPPED (not in helix CSV)
Reading AF-H9CTV0_trimmed_mhc ... SKIPPED (not in helix CSV)
Reading AF-I2G9F9_trimmed_mhc ... SKIPPED (not in helix CSV)
Reading AF-I3QHR3_trimmed_mhc ... SKIPPED (not in helix CSV)
Reading AF-I3ZN80_trimmed_mhc ... SKIPPED (not in helix CSV)
Reading AF-I3ZN83_trimmed_mhc ... SKIPPED (not in helix CSV)
Reading AF-I3ZN84_trimmed_mhc ... SKIPPED (not in helix CSV)
Reading AF-I3ZN85_trimmed_mhc ... SKIPPED (not in helix CSV)
Reading AF-I4EPX9_trimmed_mhc ... SKIPPED (not in helix CSV)
Reading AF-K7DVA1_trimmed_mhc ... SKIPPED (not in helix CSV)
Reading AF-M0QYN1_trimmed_mhc ... SKIPPED (not in helix CSV)
Reading AF-M0QYN9_trimmed_mhc ... SKIPPED (not in helix CSV)
Reading AF-M1RL68_trimmed_mhc ... SKIPPED (not in helix CSV)
Reading AF-O02874_trimmed_mhc ... SKIPPED (not in helix CSV)
Reading AF-O02923_trimmed_mhc ... SKIPPED (not in helix CSV)
Reading AF-O02924_trimmed_mhc ... SKIPPED (not in helix CSV)
Reading AF-O02925_trimmed_mhc ... SKIPPED (not in helix CSV)
Reading AF-O02926_trimmed_mhc ... SKIPPED (not in helix CSV)
Reading AF-O02927_trimmed_mhc ... SKIPPED (not in helix CSV)
Reading AF-O02928_trimmed_mhc ... SKIPPED (not in helix CSV)
Reading AF-O02929_trimmed_mhc ... SKIPPED (not in helix CSV)
Reading AF-O02968_trimmed_mhc ... SKIPPED (not in helix CSV)
Reading AF-O19508_trimmed_mhc ... SKIPPED (not in helix CSV)
Reading AF-O19520_trimmed_mhc ... SKIPPED (not in helix CSV)
Reading AF-O19521_trimmed_mhc ... SKIPPED (not in helix CSV)
Reading AF-O19554_trimmed_mhc ... SKIPPED (not in helix CSV)
Reading AF-O19589_trimmed_mhc ... SKIPPED (not in helix CSV)
Reading AF-O19617_trimmed_mhc ... SKIPPED (not in helix CSV)
Reading AF-O19626_trimmed_mhc ... SKIPPED (not in helix CSV)
Reading AF-O19642_trimmed_mhc ... SKIPPED (not in helix CSV)
Reading AF-O19644_trimmed_mhc ... SKIPPED (not in helix CSV)
Reading AF-O19645_trimmed_mhc ... SKIPPED (not in helix CSV)
Reading AF-O19646_trimmed_mhc ... SKIPPED (not in helix CSV)
Reading AF-O19648_trimmed_mhc ... SKIPPED (not in helix CSV)
Reading AF-O19650_trimmed_mhc ... SKIPPED (not in helix CSV)
Reading AF-O19671_trimmed_mhc ... SKIPPED (not in helix CSV)
Reading AF-O19672_trimmed_mhc ... SKIPPED (not in helix CSV)
Reading AF-O19677_trimmed_mhc ... SKIPPED (not in helix CSV)
Reading AF-O19691_trimmed_mhc ... SKIPPED (not in helix CSV)
Reading AF-O19755_trimmed_mhc ... SKIPPED (not in helix CSV)
Reading AF-O19781_trimmed_mhc ... SKIPPED (not in helix CSV)
Reading AF-O19782_trimmed_mhc ... SKIPPED (not in helix CSV)
Reading AF-O19790_trimmed_mhc ... SKIPPED (not in helix CSV)
Reading AF-O78043_trimmed_mhc ... SKIPPED (not in helix CSV)
Reading AF-O78126_trimmed_mhc ... SKIPPED (not in helix CSV)
Reading AF-O78164_trimmed_mhc ... SKIPPED (not in helix CSV)
Reading AF-O78179_trimmed_mhc ... SKIPPED (not in helix CSV)
Reading AF-O78182_trimmed_mhc ... SKIPPED (not in helix CSV)
Reading AF-O78183_trimmed_mhc ... SKIPPED (not in helix CSV)
Reading AF-O78189_trimmed_mhc ... SKIPPED (not in helix CSV)
Reading AF-O98221_trimmed_mhc ... SKIPPED (not in helix CSV)
Reading AF-P01889_trimmed_mhc ... OK
Reading AF-P01893_trimmed_mhc ... OK
Reading AF-P04439_trimmed_mhc ... OK
Reading AF-P06126_trimmed_mhc ... OK
Reading AF-P10321_trimmed_mhc ... OK
Reading AF-P13747_trimmed_mhc ... OK
Reading AF-P15812_trimmed_mhc ... OK
Reading AF-P15813_trimmed_mhc ... OK
Reading AF-P17693_trimmed_mhc ... OK
Reading AF-P25311_trimmed_mhc ... OK
Reading AF-P29016_trimmed_mhc ... OK
Reading AF-P29017_trimmed_mhc ... OK
Reading AF-P30511_trimmed_mhc ... OK
Reading AF-P55899_trimmed_mhc ... OK
Reading AF-P79543_trimmed_mhc ... SKIPPED (not in helix CSV)
Reading AF-P79549_trimmed_mhc ... SKIPPED (not in helix CSV)
Reading AF-P79603_trimmed_mhc ... SKIPPED (not in helix CSV)
Reading AF-P79612_trimmed_mhc ... SKIPPED (not in helix CSV)
Reading AF-Q08173_trimmed_mhc ... SKIPPED (not in helix CSV)
Reading AF-Q1XDY2_trimmed_mhc ... SKIPPED (not in helix CSV)
Reading AF-Q29637_trimmed_mhc ... SKIPPED (not in helix CSV)
Reading AF-Q29642_trimmed_mhc ... SKIPPED (not in helix CSV)
Reading AF-Q29644_trimmed_mhc ... SKIPPED (not in helix CSV)
Reading AF-Q29645_trimmed_mhc ... SKIPPED (not in helix CSV)
Reading AF-Q29653_trimmed_mhc ... SKIPPED (not in helix CSV)
Reading AF-Q29654_trimmed_mhc ... SKIPPED (not in helix CSV)
Reading AF-Q29666_trimmed_mhc ... SKIPPED (not in helix CSV)
Reading AF-Q29667_trimmed_mhc ... SKIPPED (not in helix CSV)
Reading AF-Q29669_trimmed_mhc ... SKIPPED (not in helix CSV)
Reading AF-Q29674_trimmed_mhc ... SKIPPED (not in helix CSV)
Reading AF-Q29676_trimmed_mhc ... SKIPPED (not in helix CSV)
Reading AF-Q29689_trimmed_mhc ... SKIPPED (not in helix CSV)
Reading AF-Q29694_trimmed_mhc ... SKIPPED (not in helix CSV)
Reading AF-Q29699_trimmed_mhc ... SKIPPED (not in helix CSV)
Reading AF-Q29700_trimmed_mhc ... SKIPPED (not in helix CSV)
Reading AF-Q29701_trimmed_mhc ... SKIPPED (not in helix CSV)
Reading AF-Q29705_trimmed_mhc ... SKIPPED (not in helix CSV)
Reading AF-Q29707_trimmed_mhc ... SKIPPED (not in helix CSV)
Reading AF-Q29710_trimmed_mhc ... SKIPPED (not in helix CSV)
Reading AF-Q29716_trimmed_mhc ... SKIPPED (not in helix CSV)
Reading AF-Q29724_trimmed_mhc ... SKIPPED (not in helix CSV)
Reading AF-Q29733_trimmed_mhc ... SKIPPED (not in helix CSV)
Reading AF-Q29739_trimmed_mhc ... SKIPPED (not in helix CSV)
Reading AF-Q29740_trimmed_mhc ... SKIPPED (not in helix CSV)
Reading AF-Q29741_trimmed_mhc ... SKIPPED (not in helix CSV)
Reading AF-Q29748_trimmed_mhc ... SKIPPED (not in helix CSV)
Reading AF-Q29756_trimmed_mhc ... SKIPPED (not in helix CSV)
Reading AF-Q29757_trimmed_mhc ... SKIPPED (not in helix CSV)
Reading AF-Q29760_trimmed_mhc ... SKIPPED (not in helix CSV)
Reading AF-Q29761_trimmed_mhc ... SKIPPED (not in helix CSV)
Reading AF-Q29763_trimmed_mhc ... SKIPPED (not in helix CSV)
Reading AF-Q29844_trimmed_mhc ... SKIPPED (not in helix CSV)
Reading AF-Q29849_trimmed_mhc ... SKIPPED (not in helix CSV)
Reading AF-Q29907_trimmed_mhc ... SKIPPED (not in helix CSV)
Reading AF-Q29911_trimmed_mhc ... SKIPPED (not in helix CSV)
Reading AF-Q29932_trimmed_mhc ... SKIPPED (not in helix CSV)
Reading AF-Q29934_trimmed_mhc ... SKIPPED (not in helix CSV)
Reading AF-Q29938_trimmed_mhc ... SKIPPED (not in helix CSV)
Reading AF-Q29939_trimmed_mhc ... SKIPPED (not in helix CSV)
Reading AF-Q29941_trimmed_mhc ... SKIPPED (not in helix CSV)
Reading AF-Q29943_trimmed_mhc ... SKIPPED (not in helix CSV)
Reading AF-Q29948_trimmed_mhc ... SKIPPED (not in helix CSV)
Reading AF-Q29958_trimmed_mhc ... SKIPPED (not in helix CSV)
Reading AF-Q29980_trimmed_mhc ... OK
Reading AF-Q29981_trimmed_mhc ... SKIPPED (not in helix CSV)
Reading AF-Q29983_trimmed_mhc ... OK
Reading AF-Q29985_trimmed_mhc ... SKIPPED (not in helix CSV)
Reading AF-Q29988_trimmed_mhc ... SKIPPED (not in helix CSV)
Reading AF-Q2L6G2_trimmed_mhc ... SKIPPED (not in helix CSV)
Reading AF-Q2L6G3_trimmed_mhc ... SKIPPED (not in helix CSV)
Reading AF-Q2LC90_trimmed_mhc ... SKIPPED (not in helix CSV)
Reading AF-Q2LC91_trimmed_mhc ... SKIPPED (not in helix CSV)
Reading AF-Q2LC92_trimmed_mhc ... SKIPPED (not in helix CSV)
Reading AF-Q2LC93_trimmed_mhc ... SKIPPED (not in helix CSV)
Reading AF-Q2LC95_trimmed_mhc ... SKIPPED (not in helix CSV)
Reading AF-Q2MJJ5_trimmed_mhc ... SKIPPED (not in helix CSV)
Reading AF-Q2MJJ6_trimmed_mhc ... SKIPPED (not in helix CSV)
Reading AF-Q2UV93_trimmed_mhc ... SKIPPED (not in helix CSV)
Reading AF-Q30172_trimmed_mhc ... SKIPPED (not in helix CSV)
Reading AF-Q30182_trimmed_mhc ... SKIPPED (not in helix CSV)
Reading AF-Q30191_trimmed_mhc ... SKIPPED (not in helix CSV)
Reading AF-Q30201_trimmed_mhc ... OK
Reading AF-Q30206_trimmed_mhc ... SKIPPED (not in helix CSV)
Reading AF-Q30207_trimmed_mhc ... SKIPPED (not in helix CSV)
Reading AF-Q31602_trimmed_mhc ... SKIPPED (not in helix CSV)
Reading AF-Q31611_trimmed_mhc ... SKIPPED (not in helix CSV)
Reading AF-Q3ZAR2_trimmed_mhc ... SKIPPED (not in helix CSV)
Reading AF-Q4V753_trimmed_mhc ... SKIPPED (not in helix CSV)
Reading AF-Q4V9S8_trimmed_mhc ... SKIPPED (not in helix CSV)
Reading AF-Q52YL7_trimmed_mhc ... SKIPPED (not in helix CSV)
Reading AF-Q53X46_trimmed_mhc ... SKIPPED (not in helix CSV)
Reading AF-Q53YP1_trimmed_mhc ... SKIPPED (not in helix CSV)
Reading AF-Q53Z42_trimmed_mhc ... SKIPPED (not in helix CSV)
Reading AF-Q546I7_trimmed_mhc ... SKIPPED (not in helix CSV)
Reading AF-Q546I9_trimmed_mhc ... SKIPPED (not in helix CSV)
Reading AF-Q546J0_trimmed_mhc ... SKIPPED (not in helix CSV)
Reading AF-Q56H30_trimmed_mhc ... SKIPPED (not in helix CSV)
Reading AF-Q5D1W8_trimmed_mhc ... SKIPPED (not in helix CSV)
Reading AF-Q5MAG5_trimmed_mhc ... SKIPPED (not in helix CSV)
Reading AF-Q5QT33_trimmed_mhc ... SKIPPED (not in helix CSV)
Reading AF-Q5RIP0_trimmed_mhc ... SKIPPED (not in helix CSV)
Reading AF-Q5RJ27_trimmed_mhc ... SKIPPED (not in helix CSV)
Reading AF-Q5RJ85_trimmed_mhc ... SKIPPED (not in helix CSV)
Reading AF-Q5S3G3_trimmed_mhc ... SKIPPED (not in helix CSV)
Reading AF-Q5SPM2_trimmed_mhc ... SKIPPED (not in helix CSV)
Reading AF-Q5SRN5_trimmed_mhc ... SKIPPED (not in helix CSV)
Reading AF-Q5SRN7_trimmed_mhc ... SKIPPED (not in helix CSV)
Reading AF-Q5SS57_trimmed_mhc ... SKIPPED (not in helix CSV)
Reading AF-Q5SUL5_trimmed_mhc ... SKIPPED (not in helix CSV)
Reading AF-Q5TK75_trimmed_mhc ... SKIPPED (not in helix CSV)
Reading AF-Q5VY80_trimmed_mhc ... OK
Reading AF-Q5W3L5_trimmed_mhc ... SKIPPED (not in helix CSV)
Reading AF-Q6B0J5_trimmed_mhc ... SKIPPED (not in helix CSV)
Reading AF-Q6H3X3_trimmed_mhc ... OK
Reading AF-Q6IVJ7_trimmed_mhc ... SKIPPED (not in helix CSV)
Reading AF-Q6Q0M4_trimmed_mhc ... SKIPPED (not in helix CSV)
Reading AF-Q6UV35_trimmed_mhc ... SKIPPED (not in helix CSV)
Reading AF-Q70I55_trimmed_mhc ... SKIPPED (not in helix CSV)
Reading AF-Q7JFI6_trimmed_mhc ... SKIPPED (not in helix CSV)
Reading AF-Q7YQB0_trimmed_mhc ... SKIPPED (not in helix CSV)
Reading AF-Q7YQB2_trimmed_mhc ... SKIPPED (not in helix CSV)
Reading AF-Q860B7_trimmed_mhc ... SKIPPED (not in helix CSV)
Reading AF-Q861B1_trimmed_mhc ... SKIPPED (not in helix CSV)
Reading AF-Q861E7_trimmed_mhc ... SKIPPED (not in helix CSV)
Reading AF-Q861E8_trimmed_mhc ... SKIPPED (not in helix CSV)
Reading AF-Q861E9_trimmed_mhc ... SKIPPED (not in helix CSV)
Reading AF-Q861F0_trimmed_mhc ... SKIPPED (not in helix CSV)
Reading AF-Q861F6_trimmed_mhc ... SKIPPED (not in helix CSV)
Reading AF-Q861F7_trimmed_mhc ... SKIPPED (not in helix CSV)
Reading AF-Q8HX85_trimmed_mhc ... SKIPPED (not in helix CSV)
Reading AF-Q8MGZ8_trimmed_mhc ... SKIPPED (not in helix CSV)
Reading AF-Q8MH48_trimmed_mhc ... SKIPPED (not in helix CSV)
Reading AF-Q8N5T0_trimmed_mhc ... SKIPPED (not in helix CSV)
Reading AF-Q8SNA8_trimmed_mhc ... SKIPPED (not in helix CSV)
Reading AF-Q8SNB1_trimmed_mhc ... SKIPPED (not in helix CSV)
Reading AF-Q8SP59_trimmed_mhc ... SKIPPED (not in helix CSV)
Reading AF-Q8SP60_trimmed_mhc ... SKIPPED (not in helix CSV)
Reading AF-Q8SP61_trimmed_mhc ... SKIPPED (not in helix CSV)
Reading AF-Q8SP62_trimmed_mhc ... SKIPPED (not in helix CSV)
Reading AF-Q8SP63_trimmed_mhc ... SKIPPED (not in helix CSV)
Reading AF-Q8SP64_trimmed_mhc ... SKIPPED (not in helix CSV)
Reading AF-Q8SP65_trimmed_mhc ... SKIPPED (not in helix CSV)
Reading AF-Q8TD07_trimmed_mhc ... OK
Reading AF-Q8TE31_trimmed_mhc ... SKIPPED (not in helix CSV)
Reading AF-Q8TE32_trimmed_mhc ... SKIPPED (not in helix CSV)
Reading AF-Q8WLQ8_trimmed_mhc ... SKIPPED (not in helix CSV)
Reading AF-Q8WLQ9_trimmed_mhc ... SKIPPED (not in helix CSV)
Reading AF-Q8WLR0_trimmed_mhc ... SKIPPED (not in helix CSV)
Reading AF-Q8WLR2_trimmed_mhc ... SKIPPED (not in helix CSV)
Reading AF-Q8WLR3_trimmed_mhc ... SKIPPED (not in helix CSV)
Reading AF-Q8WLS1_trimmed_mhc ... SKIPPED (not in helix CSV)
Reading AF-Q8WLS4_trimmed_mhc ... SKIPPED (not in helix CSV)
Reading AF-Q8WWJ0_trimmed_mhc ... SKIPPED (not in helix CSV)
Reading AF-Q8WZ43_trimmed_mhc ... SKIPPED (not in helix CSV)
Reading AF-Q95346_trimmed_mhc ... SKIPPED (not in helix CSV)
Reading AF-Q95361_trimmed_mhc ... SKIPPED (not in helix CSV)
Reading AF-Q95363_trimmed_mhc ... SKIPPED (not in helix CSV)
Reading AF-Q95364_trimmed_mhc ... SKIPPED (not in helix CSV)
Reading AF-Q95460_trimmed_mhc ... OK
Reading AF-Q95HC2_trimmed_mhc ... SKIPPED (not in helix CSV)
Reading AF-Q95HL2_trimmed_mhc ... SKIPPED (not in helix CSV)
Reading AF-Q95HL7_trimmed_mhc ... SKIPPED (not in helix CSV)
Reading AF-Q95HL9_trimmed_mhc ... SKIPPED (not in helix CSV)
Reading AF-Q95HM0_trimmed_mhc ... SKIPPED (not in helix CSV)
Reading AF-Q95HM1_trimmed_mhc ... SKIPPED (not in helix CSV)
Reading AF-Q95HM2_trimmed_mhc ... SKIPPED (not in helix CSV)
Reading AF-Q95HM3_trimmed_mhc ... SKIPPED (not in helix CSV)
Reading AF-Q95HM4_trimmed_mhc ... SKIPPED (not in helix CSV)
Reading AF-Q95HM5_trimmed_mhc ... SKIPPED (not in helix CSV)
Reading AF-Q95HM6_trimmed_mhc ... SKIPPED (not in helix CSV)
Reading AF-Q95HN1_trimmed_mhc ... SKIPPED (not in helix CSV)
Reading AF-Q95J05_trimmed_mhc ... SKIPPED (not in helix CSV)
Reading AF-Q95J07_trimmed_mhc ... SKIPPED (not in helix CSV)
Reading AF-Q96DW9_trimmed_mhc ... SKIPPED (not in helix CSV)
Reading AF-Q96QC4_trimmed_mhc ... SKIPPED (not in helix CSV)
Reading AF-Q9BZM4_trimmed_mhc ... OK
Reading AF-Q9BZM5_trimmed_mhc ... OK
Reading AF-Q9BZM6_trimmed_mhc ... OK
Reading AF-Q9GJ24_trimmed_mhc ... SKIPPED (not in helix CSV)
Reading AF-Q9GJ44_trimmed_mhc ... SKIPPED (not in helix CSV)
Reading AF-Q9GJ45_trimmed_mhc ... SKIPPED (not in helix CSV)
Reading AF-Q9MY34_trimmed_mhc ... SKIPPED (not in helix CSV)
Reading AF-Q9MY47_trimmed_mhc ... SKIPPED (not in helix CSV)
Reading AF-Q9MYA2_trimmed_mhc ... SKIPPED (not in helix CSV)
Reading AF-Q9MYI6_trimmed_mhc ... SKIPPED (not in helix CSV)
Reading AF-Q9TNU1_trimmed_mhc ... SKIPPED (not in helix CSV)
Reading AF-Q9TPW6_trimmed_mhc ... SKIPPED (not in helix CSV)
Reading AF-Q9TQ65_trimmed_mhc ... SKIPPED (not in helix CSV)
Reading AF-Q9TQ73_trimmed_mhc ... SKIPPED (not in helix CSV)
Reading AF-Q9TQ74_trimmed_mhc ... SKIPPED (not in helix CSV)
Reading AF-Q9TQB6_trimmed_mhc ... SKIPPED (not in helix CSV)
Reading AF-Q9TQB8_trimmed_mhc ... SKIPPED (not in helix CSV)
Reading AF-Q9UNN8_trimmed_mhc ... OK
Reading AF-R5AK10_trimmed_mhc ... SKIPPED (not in helix CSV)
Reading AF-S5DHS4_trimmed_mhc ... SKIPPED (not in helix CSV)
Reading AF-S6AU73_trimmed_mhc ... SKIPPED (not in helix CSV)
Reading AF-S6BVK3_trimmed_mhc ... SKIPPED (not in helix CSV)
Reading AF-S6EYQ3_trimmed_mhc ... SKIPPED (not in helix CSV)
Reading AF-S6F453_trimmed_mhc ... SKIPPED (not in helix CSV)
Reading AF-S6FC63_trimmed_mhc ... SKIPPED (not in helix CSV)
Reading AF-S6FC68_trimmed_mhc ... SKIPPED (not in helix CSV)
Reading AF-S6FM53_trimmed_mhc ... SKIPPED (not in helix CSV)
Reading AF-S6FM58_trimmed_mhc ... SKIPPED (not in helix CSV)
Reading AF-S6FW97_trimmed_mhc ... SKIPPED (not in helix CSV)
Reading AF-U5YJJ6_trimmed_mhc ... SKIPPED (not in helix CSV)
Reading AF-U5YJK1_trimmed_mhc ... SKIPPED (not in helix CSV)
Reading AF-U5YJP1_trimmed_mhc ... SKIPPED (not in helix CSV)
Reading AF-U5YKE0_trimmed_mhc ... SKIPPED (not in helix CSV)
Reading AF-U6BR87_trimmed_mhc ... SKIPPED (not in helix CSV)
Reading AF-V6E0U6_trimmed_mhc ... SKIPPED (not in helix CSV)
Reading AF-V9HVZ9_trimmed_mhc ... SKIPPED (not in helix CSV)
Reading AF-W6JNQ2_trimmed_mhc ... SKIPPED (not in helix CSV)
Reading AF-X5D2K4_trimmed_mhc ... SKIPPED (not in helix CSV)
Reading AF-X5LKD6_trimmed_mhc ... SKIPPED (not in helix CSV)
Reading AF-X5M233_trimmed_mhc ... SKIPPED (not in helix CSV)

Results written to helix_res_statistics_class.txt
